# Reading pref.tcl
# do run.do
# INFO: Simulation library presynth already exists
# Model Technology ModelSim Microsemi Pro vmap 2023.1 Lib Mapping Utility 2023.01 Jan 24 2023
# vmap presynth presynth 
# Modifying modelsim.ini
# Model Technology ModelSim Microsemi Pro vmap 2023.1 Lib Mapping Utility 2023.01 Jan 24 2023
# vmap PolarFire C:/Microchip/Libero_SoC_v2023.2/Designer/lib/modelsimpro/precompiled/vlog/polarfire 
# Modifying modelsim.ini
# INFO: Simulation library COREFIFO_LIB already exists
# Model Technology ModelSim Microsemi Pro vmap 2023.1 Lib Mapping Utility 2023.01 Jan 24 2023
# vmap COREFIFO_LIB COREFIFO_LIB 
# Modifying modelsim.ini
# INFO: Simulation library COREAXI4SRAM_LIB already exists
# Model Technology ModelSim Microsemi Pro vmap 2023.1 Lib Mapping Utility 2023.01 Jan 24 2023
# vmap COREAXI4SRAM_LIB COREAXI4SRAM_LIB 
# Modifying modelsim.ini
# Model Technology ModelSim Microsemi Pro vcom 2023.1 Compiler 2023.01 Jan 24 2023
# Start time: 12:25:44 on Mar 14,2024
# vcom -reportprogress 300 -2008 -explicit -work presynth C:/Users/YanGao/Desktop/Yan/Test_ram_write/hdl/logictest.vhd 
# -- Loading package STANDARD
# -- Loading package TEXTIO
# -- Loading package std_logic_1164
# -- Loading package NUMERIC_STD
# -- Loading package NUMERIC_STD_UNSIGNED
# -- Compiling entity AndOfThree
# -- Compiling architecture Behavioral of AndOfThree
# End time: 12:25:44 on Mar 14,2024, Elapsed time: 0:00:00
# Errors: 0, Warnings: 0
# Model Technology ModelSim Microsemi Pro vcom 2023.1 Compiler 2023.01 Jan 24 2023
# Start time: 12:25:44 on Mar 14,2024
# vcom -reportprogress 300 -2008 -explicit -work COREFIFO_LIB C:/Users/YanGao/Desktop/Yan/Test_ram_write/component/Actel/DirectCore/COREFIFO/3.0.101/rtl/vhdl/core/fifo_pkg.vhd 
# -- Loading package STANDARD
# -- Loading package TEXTIO
# -- Loading package std_logic_1164
# -- Loading package std_logic_arith
# -- Loading package STD_LOGIC_UNSIGNED
# -- Compiling package fifo_pkg
# -- Compiling package body fifo_pkg
# -- Loading package fifo_pkg
# End time: 12:25:45 on Mar 14,2024, Elapsed time: 0:00:01
# Errors: 0, Warnings: 0
# Model Technology ModelSim Microsemi Pro vcom 2023.1 Compiler 2023.01 Jan 24 2023
# Start time: 12:25:45 on Mar 14,2024
# vcom -reportprogress 300 -2008 -explicit -work COREAXI4SRAM_LIB C:/Users/YanGao/Desktop/Yan/Test_ram_write/component/work/COREAXI4SRAM_C2/COREAXI4SRAM_C2_0/rtl/vhdl/core/misc_pkg.vhd 
# -- Loading package STANDARD
# -- Loading package TEXTIO
# -- Loading package std_logic_1164
# -- Loading package std_logic_arith
# -- Loading package STD_LOGIC_UNSIGNED
# -- Compiling package misc_pkg
# -- Compiling package body misc_pkg
# -- Loading package misc_pkg
# End time: 12:25:45 on Mar 14,2024, Elapsed time: 0:00:00
# Errors: 0, Warnings: 0
# Model Technology ModelSim Microsemi Pro vcom 2023.1 Compiler 2023.01 Jan 24 2023
# Start time: 12:25:45 on Mar 14,2024
# vcom -reportprogress 300 -2008 -explicit -work COREAXI4SRAM_LIB C:/Users/YanGao/Desktop/Yan/Test_ram_write/component/work/COREAXI4SRAM_C2/COREAXI4SRAM_C2_0/rtl/vhdl/core/XHDL_misc.vhd 
# -- Loading package STANDARD
# -- Loading package TEXTIO
# -- Loading package std_logic_1164
# -- Compiling package xhdl_misc
# -- Compiling package body xhdl_misc
# -- Loading package xhdl_misc
# End time: 12:25:45 on Mar 14,2024, Elapsed time: 0:00:00
# Errors: 0, Warnings: 0
# Model Technology ModelSim Microsemi Pro vcom 2023.1 Compiler 2023.01 Jan 24 2023
# Start time: 12:25:45 on Mar 14,2024
# vcom -reportprogress 300 -2008 -explicit -work COREAXI4SRAM_LIB C:/Users/YanGao/Desktop/Yan/Test_ram_write/component/work/COREAXI4SRAM_C2/COREAXI4SRAM_C2_0/rtl/vhdl/core/XHDL_std_logic.vhd 
# -- Loading package STANDARD
# -- Loading package TEXTIO
# -- Loading package std_logic_1164
# -- Loading package std_logic_arith
# -- Loading package STD_LOGIC_UNSIGNED
# -- Compiling package xhdl_std_logic
# -- Compiling package body xhdl_std_logic
# -- Loading package xhdl_std_logic
# End time: 12:25:45 on Mar 14,2024, Elapsed time: 0:00:00
# Errors: 0, Warnings: 0
# Model Technology ModelSim Microsemi Pro vcom 2023.1 Compiler 2023.01 Jan 24 2023
# Start time: 12:25:45 on Mar 14,2024
# vcom -reportprogress 300 -2008 -explicit -work presynth C:/Users/YanGao/Desktop/Yan/Test_ram_write/component/Actel/Simulation/CLK_GEN/1.0.1/CLK_GEN.vhd 
# -- Loading package STANDARD
# -- Loading package TEXTIO
# -- Loading package std_logic_1164
# -- Loading package std_logic_arith
# -- Compiling entity CLK_GEN
# -- Compiling architecture behave of CLK_GEN
# End time: 12:25:45 on Mar 14,2024, Elapsed time: 0:00:00
# Errors: 0, Warnings: 0
# Model Technology ModelSim Microsemi Pro vcom 2023.1 Compiler 2023.01 Jan 24 2023
# Start time: 12:25:46 on Mar 14,2024
# vcom -reportprogress 300 -2008 -explicit -work presynth C:/Users/YanGao/Desktop/Yan/Test_ram_write/component/work/CLK_GEN_C0/CLK_GEN_C0.vhd 
# -- Loading package STANDARD
# -- Loading package TEXTIO
# -- Loading package std_logic_1164
# -- Compiling entity CLK_GEN_C0
# -- Compiling architecture RTL of CLK_GEN_C0
# End time: 12:25:46 on Mar 14,2024, Elapsed time: 0:00:00
# Errors: 0, Warnings: 0
# Model Technology ModelSim Microsemi Pro vlog 2023.1 Compiler 2023.01 Jan 24 2023
# Start time: 12:25:46 on Mar 14,2024
# vlog -reportprogress 300 -sv -work presynth C:/Users/YanGao/Desktop/Yan/Test_ram_write/component/Actel/DirectCore/COREAXI4INTERCONNECT/2.8.103/rtl/vlog/core/Axi4CrossBar/ResetSycnc.v 
# -- Compiling module caxi4interconnect_ResetSycnc
# 
# Top level modules:
# 	caxi4interconnect_ResetSycnc
# End time: 12:25:47 on Mar 14,2024, Elapsed time: 0:00:01
# Errors: 0, Warnings: 0
# Model Technology ModelSim Microsemi Pro vlog 2023.1 Compiler 2023.01 Jan 24 2023
# Start time: 12:25:47 on Mar 14,2024
# vlog -reportprogress 300 -sv -work presynth C:/Users/YanGao/Desktop/Yan/Test_ram_write/component/Actel/DirectCore/COREAXI4INTERCONNECT/2.8.103/rtl/vlog/core/Axi4CrossBar/MasterAddressDecoder.v 
# -- Compiling module caxi4interconnect_MasterAddressDecoder
# 
# Top level modules:
# 	caxi4interconnect_MasterAddressDecoder
# End time: 12:25:47 on Mar 14,2024, Elapsed time: 0:00:00
# Errors: 0, Warnings: 0
# Model Technology ModelSim Microsemi Pro vlog 2023.1 Compiler 2023.01 Jan 24 2023
# Start time: 12:25:47 on Mar 14,2024
# vlog -reportprogress 300 -sv -work presynth C:/Users/YanGao/Desktop/Yan/Test_ram_write/component/Actel/DirectCore/COREAXI4INTERCONNECT/2.8.103/rtl/vlog/core/Axi4CrossBar/DependenceChecker.v 
# -- Compiling module caxi4interconnect_DependenceChecker
# 
# Top level modules:
# 	caxi4interconnect_DependenceChecker
# End time: 12:25:47 on Mar 14,2024, Elapsed time: 0:00:00
# Errors: 0, Warnings: 0
# Model Technology ModelSim Microsemi Pro vlog 2023.1 Compiler 2023.01 Jan 24 2023
# Start time: 12:25:47 on Mar 14,2024
# vlog -reportprogress 300 -sv -work presynth C:/Users/YanGao/Desktop/Yan/Test_ram_write/component/Actel/DirectCore/COREAXI4INTERCONNECT/2.8.103/rtl/vlog/core/Axi4CrossBar/BitScan0.v 
# -- Compiling module caxi4interconnect_BitScan0
# 
# Top level modules:
# 	caxi4interconnect_BitScan0
# End time: 12:25:47 on Mar 14,2024, Elapsed time: 0:00:00
# Errors: 0, Warnings: 0
# Model Technology ModelSim Microsemi Pro vlog 2023.1 Compiler 2023.01 Jan 24 2023
# Start time: 12:25:47 on Mar 14,2024
# vlog -reportprogress 300 -sv -work presynth C:/Users/YanGao/Desktop/Yan/Test_ram_write/component/Actel/DirectCore/COREAXI4INTERCONNECT/2.8.103/rtl/vlog/core/Axi4CrossBar/TransactionController.v 
# -- Compiling module caxi4interconnect_TransactionController
# 
# Top level modules:
# 	caxi4interconnect_TransactionController
# End time: 12:25:47 on Mar 14,2024, Elapsed time: 0:00:00
# Errors: 0, Warnings: 0
# Model Technology ModelSim Microsemi Pro vlog 2023.1 Compiler 2023.01 Jan 24 2023
# Start time: 12:25:47 on Mar 14,2024
# vlog -reportprogress 300 -sv -work presynth C:/Users/YanGao/Desktop/Yan/Test_ram_write/component/Actel/DirectCore/COREAXI4INTERCONNECT/2.8.103/rtl/vlog/core/Axi4CrossBar/MasterControl.v 
# -- Compiling module caxi4interconnect_MasterControl
# 
# Top level modules:
# 	caxi4interconnect_MasterControl
# End time: 12:25:47 on Mar 14,2024, Elapsed time: 0:00:00
# Errors: 0, Warnings: 0
# Model Technology ModelSim Microsemi Pro vlog 2023.1 Compiler 2023.01 Jan 24 2023
# Start time: 12:25:47 on Mar 14,2024
# vlog -reportprogress 300 -sv -work presynth C:/Users/YanGao/Desktop/Yan/Test_ram_write/component/Actel/DirectCore/COREAXI4INTERCONNECT/2.8.103/rtl/vlog/core/Axi4CrossBar/RoundRobinArb.v 
# -- Compiling module caxi4interconnect_RoundRobinArb
# 
# Top level modules:
# 	caxi4interconnect_RoundRobinArb
# End time: 12:25:47 on Mar 14,2024, Elapsed time: 0:00:00
# Errors: 0, Warnings: 0
# Model Technology ModelSim Microsemi Pro vlog 2023.1 Compiler 2023.01 Jan 24 2023
# Start time: 12:25:47 on Mar 14,2024
# vlog -reportprogress 300 -sv -work presynth C:/Users/YanGao/Desktop/Yan/Test_ram_write/component/Actel/DirectCore/COREAXI4INTERCONNECT/2.8.103/rtl/vlog/core/Axi4CrossBar/TargetMuxController.v 
# -- Compiling module caxi4interconnect_TargetMuxController
# 
# Top level modules:
# 	caxi4interconnect_TargetMuxController
# End time: 12:25:47 on Mar 14,2024, Elapsed time: 0:00:00
# Errors: 0, Warnings: 0
# Model Technology ModelSim Microsemi Pro vlog 2023.1 Compiler 2023.01 Jan 24 2023
# Start time: 12:25:47 on Mar 14,2024
# vlog -reportprogress 300 -sv -work presynth C:/Users/YanGao/Desktop/Yan/Test_ram_write/component/Actel/DirectCore/COREAXI4INTERCONNECT/2.8.103/rtl/vlog/core/Axi4CrossBar/AddressController.v 
# -- Compiling module caxi4interconnect_AddressController
# 
# Top level modules:
# 	caxi4interconnect_AddressController
# End time: 12:25:47 on Mar 14,2024, Elapsed time: 0:00:00
# Errors: 0, Warnings: 0
# Model Technology ModelSim Microsemi Pro vlog 2023.1 Compiler 2023.01 Jan 24 2023
# Start time: 12:25:47 on Mar 14,2024
# vlog -reportprogress 300 -sv -work presynth C:/Users/YanGao/Desktop/Yan/Test_ram_write/component/Actel/DirectCore/COREAXI4INTERCONNECT/2.8.103/rtl/vlog/core/Axi4CrossBar/Revision.v 
# -- Compiling module caxi4interconnect_revision
# 
# Top level modules:
# 	caxi4interconnect_revision
# End time: 12:25:47 on Mar 14,2024, Elapsed time: 0:00:00
# Errors: 0, Warnings: 0
# Model Technology ModelSim Microsemi Pro vlog 2023.1 Compiler 2023.01 Jan 24 2023
# Start time: 12:25:47 on Mar 14,2024
# vlog -reportprogress 300 -sv -work presynth C:/Users/YanGao/Desktop/Yan/Test_ram_write/component/Actel/DirectCore/COREAXI4INTERCONNECT/2.8.103/rtl/vlog/core/Axi4CrossBar/DERR_Slave.v 
# -- Compiling module caxi4interconnect_DERR_Slave
# 
# Top level modules:
# 	caxi4interconnect_DERR_Slave
# End time: 12:25:48 on Mar 14,2024, Elapsed time: 0:00:01
# Errors: 0, Warnings: 0
# Model Technology ModelSim Microsemi Pro vlog 2023.1 Compiler 2023.01 Jan 24 2023
# Start time: 12:25:48 on Mar 14,2024
# vlog -reportprogress 300 -sv -work presynth C:/Users/YanGao/Desktop/Yan/Test_ram_write/component/Actel/DirectCore/COREAXI4INTERCONNECT/2.8.103/rtl/vlog/core/Axi4CrossBar/DualPort_FF_SyncWr_SyncRd.v 
# -- Compiling module caxi4interconnect_DualPort_FF_SyncWr_SyncRd
# 
# Top level modules:
# 	caxi4interconnect_DualPort_FF_SyncWr_SyncRd
# End time: 12:25:48 on Mar 14,2024, Elapsed time: 0:00:00
# Errors: 0, Warnings: 0
# Model Technology ModelSim Microsemi Pro vlog 2023.1 Compiler 2023.01 Jan 24 2023
# Start time: 12:25:48 on Mar 14,2024
# vlog -reportprogress 300 -sv -work presynth C:/Users/YanGao/Desktop/Yan/Test_ram_write/component/Actel/DirectCore/COREAXI4INTERCONNECT/2.8.103/rtl/vlog/core/Axi4CrossBar/DualPort_Ram_SyncWr_SyncRd.v 
# -- Compiling module caxi4interconnect_DualPort_RAM_SyncWr_SyncRd
# 
# Top level modules:
# 	caxi4interconnect_DualPort_RAM_SyncWr_SyncRd
# End time: 12:25:48 on Mar 14,2024, Elapsed time: 0:00:00
# Errors: 0, Warnings: 0
# Model Technology ModelSim Microsemi Pro vlog 2023.1 Compiler 2023.01 Jan 24 2023
# Start time: 12:25:48 on Mar 14,2024
# vlog -reportprogress 300 -sv -work presynth C:/Users/YanGao/Desktop/Yan/Test_ram_write/component/Actel/DirectCore/COREAXI4INTERCONNECT/2.8.103/rtl/vlog/core/Axi4CrossBar/RdFifoDualPort.v 
# -- Compiling module caxi4interconnect_RdFifoDualPort
# 
# Top level modules:
# 	caxi4interconnect_RdFifoDualPort
# End time: 12:25:48 on Mar 14,2024, Elapsed time: 0:00:00
# Errors: 0, Warnings: 0
# Model Technology ModelSim Microsemi Pro vlog 2023.1 Compiler 2023.01 Jan 24 2023
# Start time: 12:25:48 on Mar 14,2024
# vlog -reportprogress 300 -sv -work presynth C:/Users/YanGao/Desktop/Yan/Test_ram_write/component/Actel/DirectCore/COREAXI4INTERCONNECT/2.8.103/rtl/vlog/core/Axi4CrossBar/ReadDataMux.v 
# -- Compiling module caxi4interconnect_ReadDataMux
# 
# Top level modules:
# 	caxi4interconnect_ReadDataMux
# End time: 12:25:48 on Mar 14,2024, Elapsed time: 0:00:00
# Errors: 0, Warnings: 0
# Model Technology ModelSim Microsemi Pro vlog 2023.1 Compiler 2023.01 Jan 24 2023
# Start time: 12:25:48 on Mar 14,2024
# vlog -reportprogress 300 -sv -work presynth C:/Users/YanGao/Desktop/Yan/Test_ram_write/component/Actel/DirectCore/COREAXI4INTERCONNECT/2.8.103/rtl/vlog/core/Axi4CrossBar/RequestQual.v 
# -- Compiling module caxi4interconnect_RequestQual
# 
# Top level modules:
# 	caxi4interconnect_RequestQual
# End time: 12:25:48 on Mar 14,2024, Elapsed time: 0:00:00
# Errors: 0, Warnings: 0
# Model Technology ModelSim Microsemi Pro vlog 2023.1 Compiler 2023.01 Jan 24 2023
# Start time: 12:25:48 on Mar 14,2024
# vlog -reportprogress 300 -sv -work presynth C:/Users/YanGao/Desktop/Yan/Test_ram_write/component/Actel/DirectCore/COREAXI4INTERCONNECT/2.8.103/rtl/vlog/core/Axi4CrossBar/ReadDataController.v 
# -- Compiling module caxi4interconnect_ReadDataController
# 
# Top level modules:
# 	caxi4interconnect_ReadDataController
# End time: 12:25:48 on Mar 14,2024, Elapsed time: 0:00:00
# Errors: 0, Warnings: 0
# Model Technology ModelSim Microsemi Pro vlog 2023.1 Compiler 2023.01 Jan 24 2023
# Start time: 12:25:48 on Mar 14,2024
# vlog -reportprogress 300 -sv -work presynth C:/Users/YanGao/Desktop/Yan/Test_ram_write/component/Actel/DirectCore/COREAXI4INTERCONNECT/2.8.103/rtl/vlog/core/Axi4CrossBar/RDataController.v 
# -- Compiling module caxi4interconnect_RDataController
# 
# Top level modules:
# 	caxi4interconnect_RDataController
# End time: 12:25:48 on Mar 14,2024, Elapsed time: 0:00:00
# Errors: 0, Warnings: 0
# Model Technology ModelSim Microsemi Pro vlog 2023.1 Compiler 2023.01 Jan 24 2023
# Start time: 12:25:48 on Mar 14,2024
# vlog -reportprogress 300 -sv -work presynth C:/Users/YanGao/Desktop/Yan/Test_ram_write/component/Actel/DirectCore/COREAXI4INTERCONNECT/2.8.103/rtl/vlog/core/Axi4CrossBar/SlaveDataMuxController.v 
# -- Compiling module caxi4interconnect_SlaveDataMuxController
# 
# Top level modules:
# 	caxi4interconnect_SlaveDataMuxController
# End time: 12:25:49 on Mar 14,2024, Elapsed time: 0:00:01
# Errors: 0, Warnings: 0
# Model Technology ModelSim Microsemi Pro vlog 2023.1 Compiler 2023.01 Jan 24 2023
# Start time: 12:25:49 on Mar 14,2024
# vlog -reportprogress 300 -sv -work presynth C:/Users/YanGao/Desktop/Yan/Test_ram_write/component/Actel/DirectCore/COREAXI4INTERCONNECT/2.8.103/rtl/vlog/core/Axi4CrossBar/RespController.v 
# -- Compiling module caxi4interconnect_RespController
# 
# Top level modules:
# 	caxi4interconnect_RespController
# End time: 12:25:49 on Mar 14,2024, Elapsed time: 0:00:00
# Errors: 0, Warnings: 0
# Model Technology ModelSim Microsemi Pro vlog 2023.1 Compiler 2023.01 Jan 24 2023
# Start time: 12:25:49 on Mar 14,2024
# vlog -reportprogress 300 -sv -work presynth C:/Users/YanGao/Desktop/Yan/Test_ram_write/component/Actel/DirectCore/COREAXI4INTERCONNECT/2.8.103/rtl/vlog/core/Axi4CrossBar/FifoDualPort.v 
# -- Compiling module caxi4interconnect_FifoDualPort
# 
# Top level modules:
# 	caxi4interconnect_FifoDualPort
# End time: 12:25:49 on Mar 14,2024, Elapsed time: 0:00:00
# Errors: 0, Warnings: 0
# Model Technology ModelSim Microsemi Pro vlog 2023.1 Compiler 2023.01 Jan 24 2023
# Start time: 12:25:49 on Mar 14,2024
# vlog -reportprogress 300 -sv -work presynth C:/Users/YanGao/Desktop/Yan/Test_ram_write/component/Actel/DirectCore/COREAXI4INTERCONNECT/2.8.103/rtl/vlog/core/Axi4CrossBar/WriteDataMux.v 
# -- Compiling module caxi4interconnect_WriteDataMux
# 
# Top level modules:
# 	caxi4interconnect_WriteDataMux
# End time: 12:25:49 on Mar 14,2024, Elapsed time: 0:00:00
# Errors: 0, Warnings: 0
# Model Technology ModelSim Microsemi Pro vlog 2023.1 Compiler 2023.01 Jan 24 2023
# Start time: 12:25:49 on Mar 14,2024
# vlog -reportprogress 300 -sv -work presynth C:/Users/YanGao/Desktop/Yan/Test_ram_write/component/Actel/DirectCore/COREAXI4INTERCONNECT/2.8.103/rtl/vlog/core/Axi4CrossBar/WDataController.v 
# -- Compiling module caxi4interconnect_WDataController
# 
# Top level modules:
# 	caxi4interconnect_WDataController
# End time: 12:25:49 on Mar 14,2024, Elapsed time: 0:00:00
# Errors: 0, Warnings: 0
# Model Technology ModelSim Microsemi Pro vlog 2023.1 Compiler 2023.01 Jan 24 2023
# Start time: 12:25:49 on Mar 14,2024
# vlog -reportprogress 300 -sv -work presynth C:/Users/YanGao/Desktop/Yan/Test_ram_write/component/Actel/DirectCore/COREAXI4INTERCONNECT/2.8.103/rtl/vlog/core/Axi4CrossBar/Axi4CrossBar.v 
# -- Compiling module caxi4interconnect_Axi4CrossBar
# 
# Top level modules:
# 	caxi4interconnect_Axi4CrossBar
# End time: 12:25:49 on Mar 14,2024, Elapsed time: 0:00:00
# Errors: 0, Warnings: 0
# Model Technology ModelSim Microsemi Pro vlog 2023.1 Compiler 2023.01 Jan 24 2023
# Start time: 12:25:49 on Mar 14,2024
# vlog -reportprogress 300 -sv -work presynth C:/Users/YanGao/Desktop/Yan/Test_ram_write/component/Actel/DirectCore/COREAXI4INTERCONNECT/2.8.103/rtl/vlog/core/Axi4Convertors/AHBL_Ctrl.v 
# -- Compiling module caxi4interconnect_AHBL_Ctrl
# 
# Top level modules:
# 	caxi4interconnect_AHBL_Ctrl
# End time: 12:25:49 on Mar 14,2024, Elapsed time: 0:00:00
# Errors: 0, Warnings: 0
# Model Technology ModelSim Microsemi Pro vlog 2023.1 Compiler 2023.01 Jan 24 2023
# Start time: 12:25:49 on Mar 14,2024
# vlog -reportprogress 300 -sv -work presynth C:/Users/YanGao/Desktop/Yan/Test_ram_write/component/Actel/DirectCore/COREAXI4INTERCONNECT/2.8.103/rtl/vlog/core/Axi4Convertors/AXI4_Read_Ctrl.v 
# -- Compiling module caxi4interconnect_AXI4_Read_Ctrl
# 
# Top level modules:
# 	caxi4interconnect_AXI4_Read_Ctrl
# End time: 12:25:49 on Mar 14,2024, Elapsed time: 0:00:00
# Errors: 0, Warnings: 0
# Model Technology ModelSim Microsemi Pro vlog 2023.1 Compiler 2023.01 Jan 24 2023
# Start time: 12:25:49 on Mar 14,2024
# vlog -reportprogress 300 -sv -work presynth C:/Users/YanGao/Desktop/Yan/Test_ram_write/component/Actel/DirectCore/COREAXI4INTERCONNECT/2.8.103/rtl/vlog/core/Axi4Convertors/AXI4_Write_Ctrl.v 
# -- Compiling module caxi4interconnect_AXI4_Write_Ctrl
# 
# Top level modules:
# 	caxi4interconnect_AXI4_Write_Ctrl
# End time: 12:25:49 on Mar 14,2024, Elapsed time: 0:00:00
# Errors: 0, Warnings: 0
# Model Technology ModelSim Microsemi Pro vlog 2023.1 Compiler 2023.01 Jan 24 2023
# Start time: 12:25:49 on Mar 14,2024
# vlog -reportprogress 300 -sv -work presynth C:/Users/YanGao/Desktop/Yan/Test_ram_write/component/Actel/DirectCore/COREAXI4INTERCONNECT/2.8.103/rtl/vlog/core/Axi4Convertors/AHB_SM.v 
# -- Compiling module caxi4interconnect_AHB_SM
# 
# Top level modules:
# 	caxi4interconnect_AHB_SM
# End time: 12:25:49 on Mar 14,2024, Elapsed time: 0:00:00
# Errors: 0, Warnings: 0
# Model Technology ModelSim Microsemi Pro vlog 2023.1 Compiler 2023.01 Jan 24 2023
# Start time: 12:25:49 on Mar 14,2024
# vlog -reportprogress 300 -sv -work presynth C:/Users/YanGao/Desktop/Yan/Test_ram_write/component/Actel/DirectCore/COREAXI4INTERCONNECT/2.8.103/rtl/vlog/core/Axi4Convertors/MstrAHBtoAXI4Converter.v 
# -- Compiling module caxi4interconnect_MstrAHBtoAXI4Converter
# 
# Top level modules:
# 	caxi4interconnect_MstrAHBtoAXI4Converter
# End time: 12:25:50 on Mar 14,2024, Elapsed time: 0:00:01
# Errors: 0, Warnings: 0
# Model Technology ModelSim Microsemi Pro vlog 2023.1 Compiler 2023.01 Jan 24 2023
# Start time: 12:25:50 on Mar 14,2024
# vlog -reportprogress 300 -sv -work presynth C:/Users/YanGao/Desktop/Yan/Test_ram_write/component/Actel/DirectCore/COREAXI4INTERCONNECT/2.8.103/rtl/vlog/core/Axi4Convertors/Bin2Gray.v 
# -- Compiling module caxi4interconnect_Bin2Gray
# 
# Top level modules:
# 	caxi4interconnect_Bin2Gray
# End time: 12:25:50 on Mar 14,2024, Elapsed time: 0:00:00
# Errors: 0, Warnings: 0
# Model Technology ModelSim Microsemi Pro vlog 2023.1 Compiler 2023.01 Jan 24 2023
# Start time: 12:25:50 on Mar 14,2024
# vlog -reportprogress 300 -sv -work presynth C:/Users/YanGao/Desktop/Yan/Test_ram_write/component/Actel/DirectCore/COREAXI4INTERCONNECT/2.8.103/rtl/vlog/core/Axi4Convertors/CDC_grayCodeCounter.v 
# -- Compiling module caxi4interconnect_CDC_grayCodeCounter
# 
# Top level modules:
# 	caxi4interconnect_CDC_grayCodeCounter
# End time: 12:25:50 on Mar 14,2024, Elapsed time: 0:00:00
# Errors: 0, Warnings: 0
# Model Technology ModelSim Microsemi Pro vlog 2023.1 Compiler 2023.01 Jan 24 2023
# Start time: 12:25:50 on Mar 14,2024
# vlog -reportprogress 300 -sv -work presynth C:/Users/YanGao/Desktop/Yan/Test_ram_write/component/Actel/DirectCore/COREAXI4INTERCONNECT/2.8.103/rtl/vlog/core/Axi4Convertors/CDC_rdCtrl.v 
# -- Compiling module caxi4interconnect_CDC_rdCtrl
# 
# Top level modules:
# 	caxi4interconnect_CDC_rdCtrl
# End time: 12:25:50 on Mar 14,2024, Elapsed time: 0:00:00
# Errors: 0, Warnings: 0
# Model Technology ModelSim Microsemi Pro vlog 2023.1 Compiler 2023.01 Jan 24 2023
# Start time: 12:25:50 on Mar 14,2024
# vlog -reportprogress 300 -sv -work presynth C:/Users/YanGao/Desktop/Yan/Test_ram_write/component/Actel/DirectCore/COREAXI4INTERCONNECT/2.8.103/rtl/vlog/core/Axi4Convertors/CDC_wrCtrl.v 
# -- Compiling module caxi4interconnect_CDC_wrCtrl
# 
# Top level modules:
# 	caxi4interconnect_CDC_wrCtrl
# End time: 12:25:50 on Mar 14,2024, Elapsed time: 0:00:00
# Errors: 0, Warnings: 0
# Model Technology ModelSim Microsemi Pro vlog 2023.1 Compiler 2023.01 Jan 24 2023
# Start time: 12:25:50 on Mar 14,2024
# vlog -reportprogress 300 -sv -work presynth C:/Users/YanGao/Desktop/Yan/Test_ram_write/component/Actel/DirectCore/COREAXI4INTERCONNECT/2.8.103/rtl/vlog/core/Axi4Convertors/RAM_BLOCK.v 
# -- Compiling module caxi4interconnect_RAM_BLOCK
# 
# Top level modules:
# 	caxi4interconnect_RAM_BLOCK
# End time: 12:25:50 on Mar 14,2024, Elapsed time: 0:00:00
# Errors: 0, Warnings: 0
# Model Technology ModelSim Microsemi Pro vlog 2023.1 Compiler 2023.01 Jan 24 2023
# Start time: 12:25:50 on Mar 14,2024
# vlog -reportprogress 300 -sv -work presynth C:/Users/YanGao/Desktop/Yan/Test_ram_write/component/Actel/DirectCore/COREAXI4INTERCONNECT/2.8.103/rtl/vlog/core/Axi4Convertors/CDC_FIFO.v 
# -- Compiling module caxi4interconnect_CDC_FIFO
# 
# Top level modules:
# 	caxi4interconnect_CDC_FIFO
# End time: 12:25:50 on Mar 14,2024, Elapsed time: 0:00:00
# Errors: 0, Warnings: 0
# Model Technology ModelSim Microsemi Pro vlog 2023.1 Compiler 2023.01 Jan 24 2023
# Start time: 12:25:50 on Mar 14,2024
# vlog -reportprogress 300 -sv -work presynth C:/Users/YanGao/Desktop/Yan/Test_ram_write/component/Actel/DirectCore/COREAXI4INTERCONNECT/2.8.103/rtl/vlog/core/Axi4Convertors/MstrClockDomainCrossing.v 
# -- Compiling module caxi4interconnect_MstrClockDomainCrossing
# 
# Top level modules:
# 	caxi4interconnect_MstrClockDomainCrossing
# End time: 12:25:50 on Mar 14,2024, Elapsed time: 0:00:00
# Errors: 0, Warnings: 0
# Model Technology ModelSim Microsemi Pro vlog 2023.1 Compiler 2023.01 Jan 24 2023
# Start time: 12:25:50 on Mar 14,2024
# vlog -reportprogress 300 -sv -work presynth C:/Users/YanGao/Desktop/Yan/Test_ram_write/component/Actel/DirectCore/COREAXI4INTERCONNECT/2.8.103/rtl/vlog/core/Axi4Convertors/DWC_DownConv_CmdFifoWriteCtrl.v 
# -- Compiling module caxi4interconnect_DWC_DownConv_CmdFifoWriteCtrl
# 
# Top level modules:
# 	caxi4interconnect_DWC_DownConv_CmdFifoWriteCtrl
# End time: 12:25:50 on Mar 14,2024, Elapsed time: 0:00:00
# Errors: 0, Warnings: 0
# Model Technology ModelSim Microsemi Pro vlog 2023.1 Compiler 2023.01 Jan 24 2023
# Start time: 12:25:50 on Mar 14,2024
# vlog -reportprogress 300 -sv -work presynth C:/Users/YanGao/Desktop/Yan/Test_ram_write/component/Actel/DirectCore/COREAXI4INTERCONNECT/2.8.103/rtl/vlog/core/Axi4Convertors/Hold_Reg_Ctrl.v 
# -- Compiling module caxi4interconnect_Hold_Reg_Ctrl
# 
# Top level modules:
# 	caxi4interconnect_Hold_Reg_Ctrl
# End time: 12:25:50 on Mar 14,2024, Elapsed time: 0:00:00
# Errors: 0, Warnings: 0
# Model Technology ModelSim Microsemi Pro vlog 2023.1 Compiler 2023.01 Jan 24 2023
# Start time: 12:25:50 on Mar 14,2024
# vlog -reportprogress 300 -sv -work presynth C:/Users/YanGao/Desktop/Yan/Test_ram_write/component/Actel/DirectCore/COREAXI4INTERCONNECT/2.8.103/rtl/vlog/core/Axi4Convertors/DWC_DownConv_Hold_Reg_Rd.v 
# -- Compiling module caxi4interconnect_DWC_DownConv_Hold_Reg_Rd
# 
# Top level modules:
# 	caxi4interconnect_DWC_DownConv_Hold_Reg_Rd
# End time: 12:25:51 on Mar 14,2024, Elapsed time: 0:00:01
# Errors: 0, Warnings: 0
# Model Technology ModelSim Microsemi Pro vlog 2023.1 Compiler 2023.01 Jan 24 2023
# Start time: 12:25:51 on Mar 14,2024
# vlog -reportprogress 300 -sv -work presynth C:/Users/YanGao/Desktop/Yan/Test_ram_write/component/Actel/DirectCore/COREAXI4INTERCONNECT/2.8.103/rtl/vlog/core/Axi4Convertors/DWC_DownConv_preCalcCmdFifoWrCtrl.v 
# -- Compiling module caxi4interconnect_DWC_DownConv_preCalcCmdFifoWrCtrl
# 
# Top level modules:
# 	caxi4interconnect_DWC_DownConv_preCalcCmdFifoWrCtrl
# End time: 12:25:51 on Mar 14,2024, Elapsed time: 0:00:00
# Errors: 0, Warnings: 0
# Model Technology ModelSim Microsemi Pro vlog 2023.1 Compiler 2023.01 Jan 24 2023
# Start time: 12:25:51 on Mar 14,2024
# vlog -reportprogress 300 -sv -work presynth C:/Users/YanGao/Desktop/Yan/Test_ram_write/component/Actel/DirectCore/COREAXI4INTERCONNECT/2.8.103/rtl/vlog/core/Axi4Convertors/DWC_DownConv_widthConvrd.v 
# -- Compiling module caxi4interconnect_DWC_DownConv_widthConvrd
# 
# Top level modules:
# 	caxi4interconnect_DWC_DownConv_widthConvrd
# End time: 12:25:51 on Mar 14,2024, Elapsed time: 0:00:00
# Errors: 0, Warnings: 0
# Model Technology ModelSim Microsemi Pro vlog 2023.1 Compiler 2023.01 Jan 24 2023
# Start time: 12:25:51 on Mar 14,2024
# vlog -reportprogress 300 -sv -work presynth C:/Users/YanGao/Desktop/Yan/Test_ram_write/component/Actel/DirectCore/COREAXI4INTERCONNECT/2.8.103/rtl/vlog/core/Axi4Convertors/FIFO_CTRL.v 
# -- Compiling module caxi4interconnect_FIFO_CTRL
# 
# Top level modules:
# 	caxi4interconnect_FIFO_CTRL
# End time: 12:25:51 on Mar 14,2024, Elapsed time: 0:00:00
# Errors: 0, Warnings: 0
# Model Technology ModelSim Microsemi Pro vlog 2023.1 Compiler 2023.01 Jan 24 2023
# Start time: 12:25:51 on Mar 14,2024
# vlog -reportprogress 300 -sv -work presynth C:/Users/YanGao/Desktop/Yan/Test_ram_write/component/Actel/DirectCore/COREAXI4INTERCONNECT/2.8.103/rtl/vlog/core/Axi4Convertors/FIFO.v 
# -- Compiling module caxi4interconnect_FIFO
# 
# Top level modules:
# 	caxi4interconnect_FIFO
# End time: 12:25:51 on Mar 14,2024, Elapsed time: 0:00:00
# Errors: 0, Warnings: 0
# Model Technology ModelSim Microsemi Pro vlog 2023.1 Compiler 2023.01 Jan 24 2023
# Start time: 12:25:51 on Mar 14,2024
# vlog -reportprogress 300 -sv -work presynth C:/Users/YanGao/Desktop/Yan/Test_ram_write/component/Actel/DirectCore/COREAXI4INTERCONNECT/2.8.103/rtl/vlog/core/Axi4Convertors/byte2bit.v 
# -- Compiling module caxi4interconnect_byte2bit
# 
# Top level modules:
# 	caxi4interconnect_byte2bit
# End time: 12:25:51 on Mar 14,2024, Elapsed time: 0:00:00
# Errors: 0, Warnings: 0
# Model Technology ModelSim Microsemi Pro vlog 2023.1 Compiler 2023.01 Jan 24 2023
# Start time: 12:25:51 on Mar 14,2024
# vlog -reportprogress 300 -sv -work presynth C:/Users/YanGao/Desktop/Yan/Test_ram_write/component/Actel/DirectCore/COREAXI4INTERCONNECT/2.8.103/rtl/vlog/core/Axi4Convertors/DWC_DownConv_readWidthConv.v 
# -- Compiling module caxi4interconnect_DWC_DownConv_readWidthConv
# 
# Top level modules:
# 	caxi4interconnect_DWC_DownConv_readWidthConv
# End time: 12:25:51 on Mar 14,2024, Elapsed time: 0:00:00
# Errors: 0, Warnings: 0
# Model Technology ModelSim Microsemi Pro vlog 2023.1 Compiler 2023.01 Jan 24 2023
# Start time: 12:25:51 on Mar 14,2024
# vlog -reportprogress 300 -sv -work presynth C:/Users/YanGao/Desktop/Yan/Test_ram_write/component/Actel/DirectCore/COREAXI4INTERCONNECT/2.8.103/rtl/vlog/core/Axi4Convertors/DWC_DownConv_Hold_Reg_Wr.v 
# -- Compiling module caxi4interconnect_DWC_DownConv_Hold_Reg_Wr
# 
# Top level modules:
# 	caxi4interconnect_DWC_DownConv_Hold_Reg_Wr
# End time: 12:25:51 on Mar 14,2024, Elapsed time: 0:00:00
# Errors: 0, Warnings: 0
# Model Technology ModelSim Microsemi Pro vlog 2023.1 Compiler 2023.01 Jan 24 2023
# Start time: 12:25:51 on Mar 14,2024
# vlog -reportprogress 300 -sv -work presynth C:/Users/YanGao/Desktop/Yan/Test_ram_write/component/Actel/DirectCore/COREAXI4INTERCONNECT/2.8.103/rtl/vlog/core/Axi4Convertors/DWC_DownConv_widthConvwr.v 
# -- Compiling module caxi4interconnect_DWC_DownConv_widthConvwr
# 
# Top level modules:
# 	caxi4interconnect_DWC_DownConv_widthConvwr
# End time: 12:25:51 on Mar 14,2024, Elapsed time: 0:00:00
# Errors: 0, Warnings: 0
# Model Technology ModelSim Microsemi Pro vlog 2023.1 Compiler 2023.01 Jan 24 2023
# Start time: 12:25:51 on Mar 14,2024
# vlog -reportprogress 300 -sv -work presynth C:/Users/YanGao/Desktop/Yan/Test_ram_write/component/Actel/DirectCore/COREAXI4INTERCONNECT/2.8.103/rtl/vlog/core/Axi4Convertors/DWC_brespCtrl.v 
# -- Compiling module caxi4interconnect_DWC_brespCtrl
# 
# Top level modules:
# 	caxi4interconnect_DWC_brespCtrl
# End time: 12:25:51 on Mar 14,2024, Elapsed time: 0:00:00
# Errors: 0, Warnings: 0
# Model Technology ModelSim Microsemi Pro vlog 2023.1 Compiler 2023.01 Jan 24 2023
# Start time: 12:25:51 on Mar 14,2024
# vlog -reportprogress 300 -sv -work presynth C:/Users/YanGao/Desktop/Yan/Test_ram_write/component/Actel/DirectCore/COREAXI4INTERCONNECT/2.8.103/rtl/vlog/core/Axi4Convertors/DWC_DownConv_writeWidthConv.v 
# -- Compiling module caxi4interconnect_DWC_DownConv_writeWidthConv
# 
# Top level modules:
# 	caxi4interconnect_DWC_DownConv_writeWidthConv
# End time: 12:25:51 on Mar 14,2024, Elapsed time: 0:00:00
# Errors: 0, Warnings: 0
# Model Technology ModelSim Microsemi Pro vlog 2023.1 Compiler 2023.01 Jan 24 2023
# Start time: 12:25:51 on Mar 14,2024
# vlog -reportprogress 300 -sv -work presynth C:/Users/YanGao/Desktop/Yan/Test_ram_write/component/Actel/DirectCore/COREAXI4INTERCONNECT/2.8.103/rtl/vlog/core/Axi4Convertors/DownConverter.v 
# -- Compiling module caxi4interconnect_DownConverter
# 
# Top level modules:
# 	caxi4interconnect_DownConverter
# End time: 12:25:52 on Mar 14,2024, Elapsed time: 0:00:01
# Errors: 0, Warnings: 0
# Model Technology ModelSim Microsemi Pro vlog 2023.1 Compiler 2023.01 Jan 24 2023
# Start time: 12:25:52 on Mar 14,2024
# vlog -reportprogress 300 -sv -work presynth C:/Users/YanGao/Desktop/Yan/Test_ram_write/component/Actel/DirectCore/COREAXI4INTERCONNECT/2.8.103/rtl/vlog/core/Axi4Convertors/DWC_UpConv_AChannel.v 
# -- Compiling module caxi4interconnect_DWC_UpConv_AChannel
# 
# Top level modules:
# 	caxi4interconnect_DWC_UpConv_AChannel
# End time: 12:25:52 on Mar 14,2024, Elapsed time: 0:00:00
# Errors: 0, Warnings: 0
# Model Technology ModelSim Microsemi Pro vlog 2023.1 Compiler 2023.01 Jan 24 2023
# Start time: 12:25:52 on Mar 14,2024
# vlog -reportprogress 300 -sv -work presynth C:/Users/YanGao/Desktop/Yan/Test_ram_write/component/Actel/DirectCore/COREAXI4INTERCONNECT/2.8.103/rtl/vlog/core/Axi4Convertors/DWC_UpConv_BChannel.v 
# -- Compiling module caxi4interconnect_DWC_UpConv_BChannel
# 
# Top level modules:
# 	caxi4interconnect_DWC_UpConv_BChannel
# End time: 12:25:52 on Mar 14,2024, Elapsed time: 0:00:00
# Errors: 0, Warnings: 0
# Model Technology ModelSim Microsemi Pro vlog 2023.1 Compiler 2023.01 Jan 24 2023
# Start time: 12:25:52 on Mar 14,2024
# vlog -reportprogress 300 -sv -work presynth C:/Users/YanGao/Desktop/Yan/Test_ram_write/component/Actel/DirectCore/COREAXI4INTERCONNECT/2.8.103/rtl/vlog/core/Axi4Convertors/DWC_UpConv_RChannel_SlvRid_Arb.v 
# -- Compiling module caxi4interconnect_DWC_RChannel_SlvRid_Arb
# 
# Top level modules:
# 	caxi4interconnect_DWC_RChannel_SlvRid_Arb
# End time: 12:25:52 on Mar 14,2024, Elapsed time: 0:00:00
# Errors: 0, Warnings: 0
# Model Technology ModelSim Microsemi Pro vlog 2023.1 Compiler 2023.01 Jan 24 2023
# Start time: 12:25:52 on Mar 14,2024
# vlog -reportprogress 300 -sv -work presynth C:/Users/YanGao/Desktop/Yan/Test_ram_write/component/Actel/DirectCore/COREAXI4INTERCONNECT/2.8.103/rtl/vlog/core/Axi4Convertors/DWC_UpConv_RChan_Ctrl.v 
# -- Compiling module caxi4interconnect_DWC_UpConv_RChan_Ctrl
# 
# Top level modules:
# 	caxi4interconnect_DWC_UpConv_RChan_Ctrl
# End time: 12:25:52 on Mar 14,2024, Elapsed time: 0:00:00
# Errors: 0, Warnings: 0
# Model Technology ModelSim Microsemi Pro vlog 2023.1 Compiler 2023.01 Jan 24 2023
# Start time: 12:25:52 on Mar 14,2024
# vlog -reportprogress 300 -sv -work presynth C:/Users/YanGao/Desktop/Yan/Test_ram_write/component/Actel/DirectCore/COREAXI4INTERCONNECT/2.8.103/rtl/vlog/core/Axi4Convertors/DWC_UpConv_preCalcRChan_Ctrl.v 
# -- Compiling module caxi4interconnect_DWC_UpConv_preCalcRChan_Ctrl
# 
# Top level modules:
# 	caxi4interconnect_DWC_UpConv_preCalcRChan_Ctrl
# End time: 12:25:52 on Mar 14,2024, Elapsed time: 0:00:00
# Errors: 0, Warnings: 0
# Model Technology ModelSim Microsemi Pro vlog 2023.1 Compiler 2023.01 Jan 24 2023
# Start time: 12:25:52 on Mar 14,2024
# vlog -reportprogress 300 -sv -work presynth C:/Users/YanGao/Desktop/Yan/Test_ram_write/component/Actel/DirectCore/COREAXI4INTERCONNECT/2.8.103/rtl/vlog/core/Axi4Convertors/FIFO_downsizing.v 
# -- Compiling module caxi4interconnect_FIFO_downsizing
# 
# Top level modules:
# 	caxi4interconnect_FIFO_downsizing
# End time: 12:25:52 on Mar 14,2024, Elapsed time: 0:00:00
# Errors: 0, Warnings: 0
# Model Technology ModelSim Microsemi Pro vlog 2023.1 Compiler 2023.01 Jan 24 2023
# Start time: 12:25:52 on Mar 14,2024
# vlog -reportprogress 300 -sv -work presynth C:/Users/YanGao/Desktop/Yan/Test_ram_write/component/Actel/DirectCore/COREAXI4INTERCONNECT/2.8.103/rtl/vlog/core/Axi4Convertors/DWC_UpConv_RChannel.v 
# -- Compiling module caxi4interconnect_DWC_UpConv_RChannel
# 
# Top level modules:
# 	caxi4interconnect_DWC_UpConv_RChannel
# End time: 12:25:52 on Mar 14,2024, Elapsed time: 0:00:00
# Errors: 0, Warnings: 0
# Model Technology ModelSim Microsemi Pro vlog 2023.1 Compiler 2023.01 Jan 24 2023
# Start time: 12:25:52 on Mar 14,2024
# vlog -reportprogress 300 -sv -work presynth C:/Users/YanGao/Desktop/Yan/Test_ram_write/component/Actel/DirectCore/COREAXI4INTERCONNECT/2.8.103/rtl/vlog/core/Axi4Convertors/DWC_UpConv_WChan_Hold_Reg.v 
# -- Compiling module caxi4interconnect_DWC_UpConv_WChan_Hold_Reg
# 
# Top level modules:
# 	caxi4interconnect_DWC_UpConv_WChan_Hold_Reg
# End time: 12:25:52 on Mar 14,2024, Elapsed time: 0:00:00
# Errors: 0, Warnings: 0
# Model Technology ModelSim Microsemi Pro vlog 2023.1 Compiler 2023.01 Jan 24 2023
# Start time: 12:25:52 on Mar 14,2024
# vlog -reportprogress 300 -sv -work presynth C:/Users/YanGao/Desktop/Yan/Test_ram_write/component/Actel/DirectCore/COREAXI4INTERCONNECT/2.8.103/rtl/vlog/core/Axi4Convertors/DWC_UpConv_WChan_ReadDataFifoCtrl.v 
# -- Compiling module caxi4interconnect_DWC_UpConv_WChan_ReadDataFifoCtrl
# 
# Top level modules:
# 	caxi4interconnect_DWC_UpConv_WChan_ReadDataFifoCtrl
# End time: 12:25:53 on Mar 14,2024, Elapsed time: 0:00:01
# Errors: 0, Warnings: 0
# Model Technology ModelSim Microsemi Pro vlog 2023.1 Compiler 2023.01 Jan 24 2023
# Start time: 12:25:53 on Mar 14,2024
# vlog -reportprogress 300 -sv -work presynth C:/Users/YanGao/Desktop/Yan/Test_ram_write/component/Actel/DirectCore/COREAXI4INTERCONNECT/2.8.103/rtl/vlog/core/Axi4Convertors/DWC_UpConv_Wchan_WriteDataFifoCtrl.v 
# -- Compiling module caxi4interconnect_DWC_UpConv_Wchan_WriteDataFifoCtrl
# 
# Top level modules:
# 	caxi4interconnect_DWC_UpConv_Wchan_WriteDataFifoCtrl
# End time: 12:25:53 on Mar 14,2024, Elapsed time: 0:00:00
# Errors: 0, Warnings: 0
# Model Technology ModelSim Microsemi Pro vlog 2023.1 Compiler 2023.01 Jan 24 2023
# Start time: 12:25:53 on Mar 14,2024
# vlog -reportprogress 300 -sv -work presynth C:/Users/YanGao/Desktop/Yan/Test_ram_write/component/Actel/DirectCore/COREAXI4INTERCONNECT/2.8.103/rtl/vlog/core/Axi4Convertors/FIFO_upsizing.v 
# -- Compiling module caxi4interconnect_FIFO_upsizing
# 
# Top level modules:
# 	caxi4interconnect_FIFO_upsizing
# End time: 12:25:53 on Mar 14,2024, Elapsed time: 0:00:00
# Errors: 0, Warnings: 0
# Model Technology ModelSim Microsemi Pro vlog 2023.1 Compiler 2023.01 Jan 24 2023
# Start time: 12:25:53 on Mar 14,2024
# vlog -reportprogress 300 -sv -work presynth C:/Users/YanGao/Desktop/Yan/Test_ram_write/component/Actel/DirectCore/COREAXI4INTERCONNECT/2.8.103/rtl/vlog/core/Axi4Convertors/DWC_UpConv_WChannel.v 
# -- Compiling module caxi4interconnect_DWC_UpConv_WChannel
# 
# Top level modules:
# 	caxi4interconnect_DWC_UpConv_WChannel
# End time: 12:25:53 on Mar 14,2024, Elapsed time: 0:00:00
# Errors: 0, Warnings: 0
# Model Technology ModelSim Microsemi Pro vlog 2023.1 Compiler 2023.01 Jan 24 2023
# Start time: 12:25:53 on Mar 14,2024
# vlog -reportprogress 300 -sv -work presynth C:/Users/YanGao/Desktop/Yan/Test_ram_write/component/Actel/DirectCore/COREAXI4INTERCONNECT/2.8.103/rtl/vlog/core/Axi4Convertors/DWC_UpConv_preCalcAChannel.v 
# -- Compiling module caxi4interconnect_DWC_UpConv_preCalcAChannel
# 
# Top level modules:
# 	caxi4interconnect_DWC_UpConv_preCalcAChannel
# End time: 12:25:53 on Mar 14,2024, Elapsed time: 0:00:00
# Errors: 0, Warnings: 0
# Model Technology ModelSim Microsemi Pro vlog 2023.1 Compiler 2023.01 Jan 24 2023
# Start time: 12:25:53 on Mar 14,2024
# vlog -reportprogress 300 -sv -work presynth C:/Users/YanGao/Desktop/Yan/Test_ram_write/component/Actel/DirectCore/COREAXI4INTERCONNECT/2.8.103/rtl/vlog/core/Axi4Convertors/UpConverter.v 
# -- Compiling module caxi4interconnect_UpConverter
# 
# Top level modules:
# 	caxi4interconnect_UpConverter
# End time: 12:25:53 on Mar 14,2024, Elapsed time: 0:00:00
# Errors: 0, Warnings: 0
# Model Technology ModelSim Microsemi Pro vlog 2023.1 Compiler 2023.01 Jan 24 2023
# Start time: 12:25:53 on Mar 14,2024
# vlog -reportprogress 300 -sv -work presynth C:/Users/YanGao/Desktop/Yan/Test_ram_write/component/Actel/DirectCore/COREAXI4INTERCONNECT/2.8.103/rtl/vlog/core/Axi4Convertors/MstrDataWidthConv.v 
# -- Compiling module caxi4interconnect_MstrDataWidthConv
# 
# Top level modules:
# 	caxi4interconnect_MstrDataWidthConv
# End time: 12:25:53 on Mar 14,2024, Elapsed time: 0:00:00
# Errors: 0, Warnings: 0
# Model Technology ModelSim Microsemi Pro vlog 2023.1 Compiler 2023.01 Jan 24 2023
# Start time: 12:25:53 on Mar 14,2024
# vlog -reportprogress 300 -sv -work presynth C:/Users/YanGao/Desktop/Yan/Test_ram_write/component/Actel/DirectCore/COREAXI4INTERCONNECT/2.8.103/rtl/vlog/core/Axi4Convertors/MstrProtocolConverter.v 
# -- Compiling module caxi4interconnect_MstrProtocolConverter
# 
# Top level modules:
# 	caxi4interconnect_MstrProtocolConverter
# End time: 12:25:53 on Mar 14,2024, Elapsed time: 0:00:00
# Errors: 0, Warnings: 0
# Model Technology ModelSim Microsemi Pro vlog 2023.1 Compiler 2023.01 Jan 24 2023
# Start time: 12:25:53 on Mar 14,2024
# vlog -reportprogress 300 -sv -work presynth C:/Users/YanGao/Desktop/Yan/Test_ram_write/component/Actel/DirectCore/COREAXI4INTERCONNECT/2.8.103/rtl/vlog/core/Axi4Convertors/RegSliceFull.v 
# -- Compiling module caxi4interconnect_RegSliceFull
# 
# Top level modules:
# 	caxi4interconnect_RegSliceFull
# End time: 12:25:53 on Mar 14,2024, Elapsed time: 0:00:00
# Errors: 0, Warnings: 0
# Model Technology ModelSim Microsemi Pro vlog 2023.1 Compiler 2023.01 Jan 24 2023
# Start time: 12:25:53 on Mar 14,2024
# vlog -reportprogress 300 -sv -work presynth C:/Users/YanGao/Desktop/Yan/Test_ram_write/component/Actel/DirectCore/COREAXI4INTERCONNECT/2.8.103/rtl/vlog/core/Axi4Convertors/RegisterSlice.v 
# -- Compiling module caxi4interconnect_RegisterSlice
# 
# Top level modules:
# 	caxi4interconnect_RegisterSlice
# End time: 12:25:53 on Mar 14,2024, Elapsed time: 0:00:00
# Errors: 0, Warnings: 0
# Model Technology ModelSim Microsemi Pro vlog 2023.1 Compiler 2023.01 Jan 24 2023
# Start time: 12:25:53 on Mar 14,2024
# vlog -reportprogress 300 -sv -work presynth C:/Users/YanGao/Desktop/Yan/Test_ram_write/component/Actel/DirectCore/COREAXI4INTERCONNECT/2.8.103/rtl/vlog/core/Axi4Convertors/MasterConvertor.v 
# -- Compiling module caxi4interconnect_MasterConvertor
# 
# Top level modules:
# 	caxi4interconnect_MasterConvertor
# End time: 12:25:53 on Mar 14,2024, Elapsed time: 0:00:00
# Errors: 0, Warnings: 0
# Model Technology ModelSim Microsemi Pro vlog 2023.1 Compiler 2023.01 Jan 24 2023
# Start time: 12:25:54 on Mar 14,2024
# vlog -reportprogress 300 -sv -work presynth C:/Users/YanGao/Desktop/Yan/Test_ram_write/component/Actel/DirectCore/COREAXI4INTERCONNECT/2.8.103/rtl/vlog/core/Axi4Convertors/SlvClockDomainCrossing.v 
# -- Compiling module caxi4interconnect_SlvClockDomainCrossing
# 
# Top level modules:
# 	caxi4interconnect_SlvClockDomainCrossing
# End time: 12:25:54 on Mar 14,2024, Elapsed time: 0:00:00
# Errors: 0, Warnings: 0
# Model Technology ModelSim Microsemi Pro vlog 2023.1 Compiler 2023.01 Jan 24 2023
# Start time: 12:25:54 on Mar 14,2024
# vlog -reportprogress 300 -sv -work presynth C:/Users/YanGao/Desktop/Yan/Test_ram_write/component/Actel/DirectCore/COREAXI4INTERCONNECT/2.8.103/rtl/vlog/core/Axi4Convertors/SlvDataWidthConverter.v 
# -- Compiling module caxi4interconnect_SlvDataWidthConverter
# 
# Top level modules:
# 	caxi4interconnect_SlvDataWidthConverter
# End time: 12:25:54 on Mar 14,2024, Elapsed time: 0:00:00
# Errors: 0, Warnings: 0
# Model Technology ModelSim Microsemi Pro vlog 2023.1 Compiler 2023.01 Jan 24 2023
# Start time: 12:25:54 on Mar 14,2024
# vlog -reportprogress 300 -sv -work presynth C:/Users/YanGao/Desktop/Yan/Test_ram_write/component/Actel/DirectCore/COREAXI4INTERCONNECT/2.8.103/rtl/vlog/core/Axi4Convertors/SlvAxi4ProtConvRead.v 
# -- Compiling module caxi4interconnect_SlvAxi4ProtConvRead
# 
# Top level modules:
# 	caxi4interconnect_SlvAxi4ProtConvRead
# End time: 12:25:54 on Mar 14,2024, Elapsed time: 0:00:00
# Errors: 0, Warnings: 0
# Model Technology ModelSim Microsemi Pro vlog 2023.1 Compiler 2023.01 Jan 24 2023
# Start time: 12:25:54 on Mar 14,2024
# vlog -reportprogress 300 -sv -work presynth C:/Users/YanGao/Desktop/Yan/Test_ram_write/component/Actel/DirectCore/COREAXI4INTERCONNECT/2.8.103/rtl/vlog/core/Axi4Convertors/SlvAxi4ProtConvWrite.v 
# -- Compiling module caxi4interconnect_SlvAxi4ProtConvWrite
# 
# Top level modules:
# 	caxi4interconnect_SlvAxi4ProtConvWrite
# End time: 12:25:54 on Mar 14,2024, Elapsed time: 0:00:00
# Errors: 0, Warnings: 0
# Model Technology ModelSim Microsemi Pro vlog 2023.1 Compiler 2023.01 Jan 24 2023
# Start time: 12:25:54 on Mar 14,2024
# vlog -reportprogress 300 -sv -work presynth C:/Users/YanGao/Desktop/Yan/Test_ram_write/component/Actel/DirectCore/COREAXI4INTERCONNECT/2.8.103/rtl/vlog/core/Axi4Convertors/SlvAxi4ProtocolConv.v 
# -- Compiling module caxi4interconnect_SlvAxi4ProtocolConv
# 
# Top level modules:
# 	caxi4interconnect_SlvAxi4ProtocolConv
# End time: 12:25:54 on Mar 14,2024, Elapsed time: 0:00:00
# Errors: 0, Warnings: 0
# Model Technology ModelSim Microsemi Pro vlog 2023.1 Compiler 2023.01 Jan 24 2023
# Start time: 12:25:54 on Mar 14,2024
# vlog -reportprogress 300 -sv -work presynth C:/Users/YanGao/Desktop/Yan/Test_ram_write/component/Actel/DirectCore/COREAXI4INTERCONNECT/2.8.103/rtl/vlog/core/Axi4Convertors/SlvAxi4ProtConvAXI4ID.v 
# -- Compiling module caxi4interconnect_SlvAxi4ProtConvAXI4ID
# 
# Top level modules:
# 	caxi4interconnect_SlvAxi4ProtConvAXI4ID
# End time: 12:25:54 on Mar 14,2024, Elapsed time: 0:00:00
# Errors: 0, Warnings: 0
# Model Technology ModelSim Microsemi Pro vlog 2023.1 Compiler 2023.01 Jan 24 2023
# Start time: 12:25:54 on Mar 14,2024
# vlog -reportprogress 300 -sv -work presynth C:/Users/YanGao/Desktop/Yan/Test_ram_write/component/Actel/DirectCore/COREAXI4INTERCONNECT/2.8.103/rtl/vlog/core/Axi4Convertors/SlvProtocolConverter.v 
# -- Compiling module caxi4interconnect_SlvProtocolConverter
# 
# Top level modules:
# 	caxi4interconnect_SlvProtocolConverter
# End time: 12:25:54 on Mar 14,2024, Elapsed time: 0:00:00
# Errors: 0, Warnings: 0
# Model Technology ModelSim Microsemi Pro vlog 2023.1 Compiler 2023.01 Jan 24 2023
# Start time: 12:25:54 on Mar 14,2024
# vlog -reportprogress 300 -sv -work presynth C:/Users/YanGao/Desktop/Yan/Test_ram_write/component/Actel/DirectCore/COREAXI4INTERCONNECT/2.8.103/rtl/vlog/core/Axi4Convertors/SlaveConvertor.v 
# -- Compiling module caxi4interconnect_SlaveConvertor
# 
# Top level modules:
# 	caxi4interconnect_SlaveConvertor
# End time: 12:25:54 on Mar 14,2024, Elapsed time: 0:00:00
# Errors: 0, Warnings: 0
# Model Technology ModelSim Microsemi Pro vlog 2023.1 Compiler 2023.01 Jan 24 2023
# Start time: 12:25:54 on Mar 14,2024
# vlog -reportprogress 300 -sv -work presynth C:/Users/YanGao/Desktop/Yan/Test_ram_write/component/Actel/DirectCore/COREAXI4INTERCONNECT/2.8.103/rtl/vlog/core/CoreAxi4Interconnect.v 
# -- Compiling module COREAXI4INTERCONNECT
# 
# Top level modules:
# 	COREAXI4INTERCONNECT
# End time: 12:25:55 on Mar 14,2024, Elapsed time: 0:00:01
# Errors: 0, Warnings: 0
# Model Technology ModelSim Microsemi Pro vlog 2023.1 Compiler 2023.01 Jan 24 2023
# Start time: 12:25:55 on Mar 14,2024
# vlog -reportprogress 300 -sv -work presynth C:/Users/YanGao/Desktop/Yan/Test_ram_write/component/work/COREAXI4INTERCONNECT_C0/COREAXI4INTERCONNECT_C0.v 
# -- Compiling module COREAXI4INTERCONNECT_C0
# 
# Top level modules:
# 	COREAXI4INTERCONNECT_C0
# End time: 12:25:55 on Mar 14,2024, Elapsed time: 0:00:00
# Errors: 0, Warnings: 0
# Model Technology ModelSim Microsemi Pro vcom 2023.1 Compiler 2023.01 Jan 24 2023
# Start time: 12:25:55 on Mar 14,2024
# vcom -reportprogress 300 -2008 -explicit -work presynth C:/Users/YanGao/Desktop/Yan/Test_ram_write/component/work/COREAXI4SRAM_C2/COREAXI4SRAM_C2_0/rtl/vhdl/test/user/misc_pkg.vhd 
# -- Loading package STANDARD
# -- Loading package TEXTIO
# -- Loading package std_logic_1164
# -- Loading package std_logic_arith
# -- Loading package STD_LOGIC_UNSIGNED
# -- Compiling package misc_pkg
# -- Compiling package body misc_pkg
# -- Loading package misc_pkg
# End time: 12:25:55 on Mar 14,2024, Elapsed time: 0:00:00
# Errors: 0, Warnings: 0
# Model Technology ModelSim Microsemi Pro vcom 2023.1 Compiler 2023.01 Jan 24 2023
# Start time: 12:25:55 on Mar 14,2024
# vcom -reportprogress 300 -2008 -explicit -work presynth C:/Users/YanGao/Desktop/Yan/Test_ram_write/component/work/COREFIFO_C0/COREFIFO_C0_0/rtl/vhdl/test/user/XHDL_std_logic.vhd 
# -- Loading package STANDARD
# -- Loading package TEXTIO
# -- Loading package std_logic_1164
# -- Loading package std_logic_arith
# -- Loading package STD_LOGIC_UNSIGNED
# -- Compiling package xhdl_std_logic
# -- Compiling package body xhdl_std_logic
# -- Loading package xhdl_std_logic
# End time: 12:25:55 on Mar 14,2024, Elapsed time: 0:00:00
# Errors: 0, Warnings: 0
# Model Technology ModelSim Microsemi Pro vcom 2023.1 Compiler 2023.01 Jan 24 2023
# Start time: 12:25:55 on Mar 14,2024
# vcom -reportprogress 300 -2008 -explicit -work COREAXI4SRAM_LIB C:/Users/YanGao/Desktop/Yan/Test_ram_write/component/work/COREAXI4SRAM_C2/COREAXI4SRAM_C2_0/rtl/vhdl/core/CoreAXI4SRAM_MAINCTRL.vhd 
# -- Loading package STANDARD
# -- Loading package TEXTIO
# -- Loading package std_logic_1164
# -- Loading package std_logic_arith
# -- Loading package STD_LOGIC_UNSIGNED
# -- Loading package ATTRIBUTES
# -- Loading package std_logic_misc
# -- Loading package misc_pkg
# -- Loading package xhdl_std_logic
# -- Compiling entity COREAXI4SRAM_C2_COREAXI4SRAM_C2_0_CoreAXI4SRAM_MAINCTRL
# -- Compiling architecture trans of COREAXI4SRAM_C2_COREAXI4SRAM_C2_0_CoreAXI4SRAM_MAINCTRL
# End time: 12:25:55 on Mar 14,2024, Elapsed time: 0:00:00
# Errors: 0, Warnings: 0
# Model Technology ModelSim Microsemi Pro vcom 2023.1 Compiler 2023.01 Jan 24 2023
# Start time: 12:25:55 on Mar 14,2024
# vcom -reportprogress 300 -2008 -explicit -work COREAXI4SRAM_LIB C:/Users/YanGao/Desktop/Yan/Test_ram_write/component/work/COREAXI4SRAM_C2/COREAXI4SRAM_C2_0/rtl/vhdl/core/CoreAXI4SRAM_MEMIF.vhd 
# -- Loading package STANDARD
# -- Loading package TEXTIO
# -- Loading package std_logic_1164
# -- Loading package std_logic_arith
# -- Loading package STD_LOGIC_UNSIGNED
# -- Loading package ATTRIBUTES
# -- Loading package std_logic_misc
# -- Loading package misc_pkg
# -- Compiling entity COREAXI4SRAM_C2_COREAXI4SRAM_C2_0_CoreAXI4SRAM_MEMIF
# -- Compiling architecture trans of COREAXI4SRAM_C2_COREAXI4SRAM_C2_0_CoreAXI4SRAM_MEMIF
# End time: 12:25:55 on Mar 14,2024, Elapsed time: 0:00:00
# Errors: 0, Warnings: 0
# Model Technology ModelSim Microsemi Pro vcom 2023.1 Compiler 2023.01 Jan 24 2023
# Start time: 12:25:55 on Mar 14,2024
# vcom -reportprogress 300 -2008 -explicit -work COREAXI4SRAM_LIB C:/Users/YanGao/Desktop/Yan/Test_ram_write/component/work/COREAXI4SRAM_C2/COREAXI4SRAM_C2_0/rtl/vhdl/core/CoreAXI4SRAM_SLVIF.vhd 
# -- Loading package STANDARD
# -- Loading package TEXTIO
# -- Loading package std_logic_1164
# -- Loading package std_logic_arith
# -- Loading package STD_LOGIC_UNSIGNED
# -- Loading package ATTRIBUTES
# -- Loading package std_logic_misc
# -- Loading package misc_pkg
# -- Compiling entity COREAXI4SRAM_C2_COREAXI4SRAM_C2_0_CoreAXI4SRAM_SLVIF
# -- Compiling architecture trans of COREAXI4SRAM_C2_COREAXI4SRAM_C2_0_CoreAXI4SRAM_SLVIF
# End time: 12:25:55 on Mar 14,2024, Elapsed time: 0:00:00
# Errors: 0, Warnings: 0
# Model Technology ModelSim Microsemi Pro vcom 2023.1 Compiler 2023.01 Jan 24 2023
# Start time: 12:25:55 on Mar 14,2024
# vcom -reportprogress 300 -2008 -explicit -work COREAXI4SRAM_LIB C:/Users/YanGao/Desktop/Yan/Test_ram_write/component/work/COREAXI4SRAM_C2/COREAXI4SRAM_C2_0/rtl/vhdl/core/CoreAXI4SRAM.vhd 
# -- Loading package STANDARD
# -- Loading package TEXTIO
# -- Loading package std_logic_1164
# -- Loading package std_logic_arith
# -- Loading package STD_LOGIC_UNSIGNED
# -- Loading package ATTRIBUTES
# -- Loading package std_logic_misc
# -- Loading package misc_pkg
# -- Compiling entity COREAXI4SRAM_C2_COREAXI4SRAM_C2_0_COREAXI4SRAM
# -- Compiling architecture trans of COREAXI4SRAM_C2_COREAXI4SRAM_C2_0_COREAXI4SRAM
# End time: 12:25:55 on Mar 14,2024, Elapsed time: 0:00:00
# Errors: 0, Warnings: 0
# Model Technology ModelSim Microsemi Pro vcom 2023.1 Compiler 2023.01 Jan 24 2023
# Start time: 12:25:56 on Mar 14,2024
# vcom -reportprogress 300 -2008 -explicit -work presynth C:/Users/YanGao/Desktop/Yan/Test_ram_write/component/work/COREAXI4SRAM_C2/COREAXI4SRAM_C2.vhd 
# -- Loading package STANDARD
# -- Loading package TEXTIO
# -- Loading package std_logic_1164
# -- Compiling entity COREAXI4SRAM_C2
# -- Compiling architecture RTL of COREAXI4SRAM_C2
# End time: 12:25:56 on Mar 14,2024, Elapsed time: 0:00:00
# Errors: 0, Warnings: 0
# Model Technology ModelSim Microsemi Pro vcom 2023.1 Compiler 2023.01 Jan 24 2023
# Start time: 12:25:56 on Mar 14,2024
# vcom -reportprogress 300 -2008 -explicit -work presynth C:/Users/YanGao/Desktop/Yan/Test_ram_write/component/Actel/Simulation/RESET_GEN/1.0.1/RESET_GEN.vhd 
# -- Loading package STANDARD
# -- Loading package TEXTIO
# -- Loading package std_logic_1164
# -- Loading package std_logic_arith
# -- Compiling entity RESET_GEN
# -- Compiling architecture behavior of RESET_GEN
# End time: 12:25:56 on Mar 14,2024, Elapsed time: 0:00:00
# Errors: 0, Warnings: 0
# Model Technology ModelSim Microsemi Pro vcom 2023.1 Compiler 2023.01 Jan 24 2023
# Start time: 12:25:56 on Mar 14,2024
# vcom -reportprogress 300 -2008 -explicit -work presynth C:/Users/YanGao/Desktop/Yan/Test_ram_write/component/work/RESET_GEN_C1/RESET_GEN_C1.vhd 
# -- Loading package STANDARD
# -- Loading package TEXTIO
# -- Loading package std_logic_1164
# -- Compiling entity RESET_GEN_C1
# -- Compiling architecture RTL of RESET_GEN_C1
# End time: 12:25:56 on Mar 14,2024, Elapsed time: 0:00:00
# Errors: 0, Warnings: 0
# Model Technology ModelSim Microsemi Pro vcom 2023.1 Compiler 2023.01 Jan 24 2023
# Start time: 12:25:56 on Mar 14,2024
# vcom -reportprogress 300 -2008 -explicit -work presynth C:/Users/YanGao/Desktop/Yan/Test_ram_write/hdl/axi_master_florian_64bits.vhd 
# -- Loading package STANDARD
# -- Loading package TEXTIO
# -- Loading package std_logic_1164
# -- Loading package NUMERIC_STD
# -- Compiling entity axi_master_florian_64bits
# -- Compiling architecture architecture_axi_master_florian_64bits of axi_master_florian_64bits
# End time: 12:25:56 on Mar 14,2024, Elapsed time: 0:00:00
# Errors: 0, Warnings: 0
# Model Technology ModelSim Microsemi Pro vcom 2023.1 Compiler 2023.01 Jan 24 2023
# Start time: 12:25:56 on Mar 14,2024
# vcom -reportprogress 300 -2008 -explicit -work presynth C:/Users/YanGao/Desktop/Yan/Test_ram_write/component/work/tb_axi_florian_64bits/tb_axi_florian_64bits.vhd 
# -- Loading package STANDARD
# -- Loading package TEXTIO
# -- Loading package std_logic_1164
# -- Compiling entity tb_axi_florian_64bits
# -- Compiling architecture RTL of tb_axi_florian_64bits
# -- Loading package NUMERIC_STD
# -- Loading entity axi_master_florian_64bits
# End time: 12:25:56 on Mar 14,2024, Elapsed time: 0:00:00
# Errors: 0, Warnings: 0
# vsim -L PolarFire -L presynth -L COREFIFO_LIB -L COREAXI4SRAM_LIB -t 1ps -pli "C:/Microchip/Libero_SoC_v2023.2/Designer/lib/modelsimpro/pli/pf_crypto_win_me_pli.dll" presynth.tb_axi_florian_64bits 
# Start time: 12:25:56 on Mar 14,2024
# //  ModelSim Microsemi Pro 2023.1 Jan 24 2023
# //
# //  Copyright 1991-2023 Mentor Graphics Corporation
# //  All Rights Reserved.
# //
# //  ModelSim Microsemi Pro and its associated documentation contain trade
# //  secrets and commercial or financial information that are the property of
# //  Mentor Graphics Corporation and are privileged, confidential,
# //  and exempt from disclosure under the Freedom of Information Act,
# //  5 U.S.C. Section 552. Furthermore, this information
# //  is prohibited from disclosure under the Trade Secrets Act,
# //  18 U.S.C. Section 1905.
# //
# Loading std.standard
# Loading std.textio(body)
# Loading ieee.std_logic_1164(body)
# Loading ieee.numeric_std(body)
# Loading presynth.tb_axi_florian_64bits(rtl)
# Loading ieee.numeric_std_unsigned(body)
# Loading presynth.andofthree(behavioral)
# Loading presynth.axi_master_florian_64bits(architecture_axi_master_florian_64bits)
# Loading presynth.clk_gen_c0(rtl)
# Loading ieee.std_logic_arith(body)
# Loading presynth.clk_gen(behave)
# Loading sv_std.std
# Loading presynth.COREAXI4INTERCONNECT_C0
# Loading presynth.COREAXI4INTERCONNECT
# Loading presynth.caxi4interconnect_ResetSycnc
# Loading presynth.caxi4interconnect_Axi4CrossBar
# Loading presynth.caxi4interconnect_MasterConvertor
# Loading presynth.caxi4interconnect_RegisterSlice
# Loading presynth.caxi4interconnect_MstrDataWidthConv
# Loading presynth.caxi4interconnect_MstrClockDomainCrossing
# Loading presynth.caxi4interconnect_SlaveConvertor
# Loading presynth.caxi4interconnect_SlvDataWidthConverter
# Loading presynth.caxi4interconnect_SlvProtocolConverter
# Loading presynth.caxi4interconnect_SlvClockDomainCrossing
# Loading presynth.caxi4interconnect_RegSliceFull
# Loading presynth.caxi4interconnect_MstrProtocolConverter
# Loading presynth.caxi4interconnect_SlvAxi4ProtConvAXI4ID
# Loading presynth.caxi4interconnect_FIFO
# Loading presynth.caxi4interconnect_FIFO_CTRL
# Loading presynth.caxi4interconnect_RAM_BLOCK
# Loading presynth.coreaxi4sram_c2(rtl)
# Loading ieee.std_logic_unsigned(body)
# Loading synopsys.attributes
# Loading ieee.std_logic_misc(body)
# Loading COREAXI4SRAM_LIB.misc_pkg(body)
# Loading COREAXI4SRAM_LIB.coreaxi4sram_c2_coreaxi4sram_c2_0_coreaxi4sram(trans)
# Loading COREAXI4SRAM_LIB.coreaxi4sram_c2_coreaxi4sram_c2_0_coreaxi4sram_slvif(trans)
# Loading COREAXI4SRAM_LIB.xhdl_std_logic(body)
# Loading COREAXI4SRAM_LIB.coreaxi4sram_c2_coreaxi4sram_c2_0_coreaxi4sram_mainctrl(trans)
# Loading COREAXI4SRAM_LIB.coreaxi4sram_c2_coreaxi4sram_c2_0_coreaxi4sram_memif(trans)
# ** Warning: (vsim-3473) Component instance "U_COREAXI4SRAM_C2_COREAXI4SRAM_C2_0_ram_wrapper : COREAXI4SRAM_C2_COREAXI4SRAM_C2_0_ram_wrapper" is not bound.
#    Time: 0 ps  Iteration: 0  Instance: /tb_axi_florian_64bits/COREAXI4SRAM_C2_0/COREAXI4SRAM_C2_0/U_COREAXI4SRAM_C2_COREAXI4SRAM_C2_0_CoreAXI4SRAM_MEMIF File: C:/Users/YanGao/Desktop/Yan/Test_ram_write/component/work/COREAXI4SRAM_C2/COREAXI4SRAM_C2_0/rtl/vhdl/core/CoreAXI4SRAM_MEMIF.vhd
# Loading presynth.reset_gen_c1(rtl)
# Loading presynth.reset_gen(behavior)
# Loading C:/Microchip/Libero_SoC_v2023.2/Designer/lib/modelsimpro/pli/pf_crypto_win_me_pli.dll
# ** Warning: (vsim-8683) Uninitialized out port /tb_axi_florian_64bits/axi_master_florian_64bits_0/ARADDR(31) has no driver.
# This port will contribute value (U) to the signal network.
# ** Warning: (vsim-8683) Uninitialized out port /tb_axi_florian_64bits/axi_master_florian_64bits_0/ARADDR(30) has no driver.
# This port will contribute value (U) to the signal network.
# ** Warning: (vsim-8683) Uninitialized out port /tb_axi_florian_64bits/axi_master_florian_64bits_0/ARADDR(29) has no driver.
# This port will contribute value (U) to the signal network.
# ** Warning: (vsim-8683) Uninitialized out port /tb_axi_florian_64bits/axi_master_florian_64bits_0/ARADDR(28) has no driver.
# This port will contribute value (U) to the signal network.
# ** Warning: (vsim-8683) Uninitialized out port /tb_axi_florian_64bits/axi_master_florian_64bits_0/ARADDR(27) has no driver.
# This port will contribute value (U) to the signal network.
# ** Warning: (vsim-8683) Uninitialized out port /tb_axi_florian_64bits/axi_master_florian_64bits_0/ARADDR(26) has no driver.
# This port will contribute value (U) to the signal network.
# ** Warning: (vsim-8683) Uninitialized out port /tb_axi_florian_64bits/axi_master_florian_64bits_0/ARADDR(25) has no driver.
# This port will contribute value (U) to the signal network.
# ** Warning: (vsim-8683) Uninitialized out port /tb_axi_florian_64bits/axi_master_florian_64bits_0/ARADDR(24) has no driver.
# This port will contribute value (U) to the signal network.
# ** Warning: (vsim-8683) Uninitialized out port /tb_axi_florian_64bits/axi_master_florian_64bits_0/ARADDR(23) has no driver.
# This port will contribute value (U) to the signal network.
# ** Warning: (vsim-8683) Uninitialized out port /tb_axi_florian_64bits/axi_master_florian_64bits_0/ARADDR(22) has no driver.
# This port will contribute value (U) to the signal network.
# ** Warning: (vsim-8683) Uninitialized out port /tb_axi_florian_64bits/axi_master_florian_64bits_0/ARADDR(21) has no driver.
# This port will contribute value (U) to the signal network.
# ** Warning: (vsim-8683) Uninitialized out port /tb_axi_florian_64bits/axi_master_florian_64bits_0/ARADDR(20) has no driver.
# This port will contribute value (U) to the signal network.
# ** Warning: (vsim-8683) Uninitialized out port /tb_axi_florian_64bits/axi_master_florian_64bits_0/ARADDR(19) has no driver.
# This port will contribute value (U) to the signal network.
# ** Warning: (vsim-8683) Uninitialized out port /tb_axi_florian_64bits/axi_master_florian_64bits_0/ARADDR(18) has no driver.
# This port will contribute value (U) to the signal network.
# ** Warning: (vsim-8683) Uninitialized out port /tb_axi_florian_64bits/axi_master_florian_64bits_0/ARADDR(17) has no driver.
# This port will contribute value (U) to the signal network.
# ** Warning: (vsim-8683) Uninitialized out port /tb_axi_florian_64bits/axi_master_florian_64bits_0/ARADDR(16) has no driver.
# This port will contribute value (U) to the signal network.
# ** Warning: (vsim-8683) Uninitialized out port /tb_axi_florian_64bits/axi_master_florian_64bits_0/ARADDR(15) has no driver.
# This port will contribute value (U) to the signal network.
# ** Warning: (vsim-8683) Uninitialized out port /tb_axi_florian_64bits/axi_master_florian_64bits_0/ARADDR(14) has no driver.
# This port will contribute value (U) to the signal network.
# ** Warning: (vsim-8683) Uninitialized out port /tb_axi_florian_64bits/axi_master_florian_64bits_0/ARADDR(13) has no driver.
# This port will contribute value (U) to the signal network.
# ** Warning: (vsim-8683) Uninitialized out port /tb_axi_florian_64bits/axi_master_florian_64bits_0/ARADDR(12) has no driver.
# This port will contribute value (U) to the signal network.
# ** Warning: (vsim-8683) Uninitialized out port /tb_axi_florian_64bits/axi_master_florian_64bits_0/ARADDR(11) has no driver.
# This port will contribute value (U) to the signal network.
# ** Warning: (vsim-8683) Uninitialized out port /tb_axi_florian_64bits/axi_master_florian_64bits_0/ARADDR(10) has no driver.
# This port will contribute value (U) to the signal network.
# ** Warning: (vsim-8683) Uninitialized out port /tb_axi_florian_64bits/axi_master_florian_64bits_0/ARADDR(9) has no driver.
# This port will contribute value (U) to the signal network.
# ** Warning: (vsim-8683) Uninitialized out port /tb_axi_florian_64bits/axi_master_florian_64bits_0/ARADDR(8) has no driver.
# This port will contribute value (U) to the signal network.
# ** Warning: (vsim-8683) Uninitialized out port /tb_axi_florian_64bits/axi_master_florian_64bits_0/ARADDR(7) has no driver.
# This port will contribute value (U) to the signal network.
# ** Warning: (vsim-8683) Uninitialized out port /tb_axi_florian_64bits/axi_master_florian_64bits_0/ARADDR(6) has no driver.
# This port will contribute value (U) to the signal network.
# ** Warning: (vsim-8683) Uninitialized out port /tb_axi_florian_64bits/axi_master_florian_64bits_0/ARADDR(5) has no driver.
# This port will contribute value (U) to the signal network.
# ** Warning: (vsim-8683) Uninitialized out port /tb_axi_florian_64bits/axi_master_florian_64bits_0/ARADDR(4) has no driver.
# This port will contribute value (U) to the signal network.
# ** Warning: (vsim-8683) Uninitialized out port /tb_axi_florian_64bits/axi_master_florian_64bits_0/ARADDR(3) has no driver.
# This port will contribute value (U) to the signal network.
# ** Warning: (vsim-8683) Uninitialized out port /tb_axi_florian_64bits/axi_master_florian_64bits_0/ARADDR(2) has no driver.
# This port will contribute value (U) to the signal network.
# ** Warning: (vsim-8683) Uninitialized out port /tb_axi_florian_64bits/axi_master_florian_64bits_0/ARADDR(1) has no driver.
# This port will contribute value (U) to the signal network.
# ** Warning: (vsim-8683) Uninitialized out port /tb_axi_florian_64bits/axi_master_florian_64bits_0/ARADDR(0) has no driver.
# This port will contribute value (U) to the signal network.
# ** Warning: (vsim-8683) Uninitialized out port /tb_axi_florian_64bits/axi_master_florian_64bits_0/ARSIZE(2) has no driver.
# This port will contribute value (U) to the signal network.
# ** Warning: (vsim-8683) Uninitialized out port /tb_axi_florian_64bits/axi_master_florian_64bits_0/ARSIZE(1) has no driver.
# This port will contribute value (U) to the signal network.
# ** Warning: (vsim-8683) Uninitialized out port /tb_axi_florian_64bits/axi_master_florian_64bits_0/ARSIZE(0) has no driver.
# This port will contribute value (U) to the signal network.
# ** Warning: (vsim-8683) Uninitialized out port /tb_axi_florian_64bits/axi_master_florian_64bits_0/ARBURST(1) has no driver.
# This port will contribute value (U) to the signal network.
# ** Warning: (vsim-8683) Uninitialized out port /tb_axi_florian_64bits/axi_master_florian_64bits_0/ARBURST(0) has no driver.
# This port will contribute value (U) to the signal network.
# ** Warning: (vsim-8683) Uninitialized out port /tb_axi_florian_64bits/axi_master_florian_64bits_0/ARVALID has no driver.
# This port will contribute value (U) to the signal network.
# ** Warning: (vsim-8683) Uninitialized out port /tb_axi_florian_64bits/axi_master_florian_64bits_0/RREADY has no driver.
# This port will contribute value (U) to the signal network.
# ** Warning: There is an 'U'|'X'|'W'|'Z'|'-' in an arithmetic operand, the result will be 'X'(es).
#    Time: 0 ps  Iteration: 0  Instance: /tb_axi_florian_64bits/COREAXI4SRAM_C2_0/COREAXI4SRAM_C2_0/U_COREAXI4SRAM_C2_COREAXI4SRAM_C2_0_CoreAXI4SRAM_MAINCTRL
# ** Warning: There is an 'U'|'X'|'W'|'Z'|'-' in an arithmetic operand, the result will be 'X'(es).
#    Time: 0 ps  Iteration: 0  Instance: /tb_axi_florian_64bits/COREAXI4SRAM_C2_0/COREAXI4SRAM_C2_0/U_COREAXI4SRAM_C2_COREAXI4SRAM_C2_0_CoreAXI4SRAM_MAINCTRL
# ** Warning: There is an 'U'|'X'|'W'|'Z'|'-' in an arithmetic operand, the result will be 'X'(es).
#    Time: 0 ps  Iteration: 0  Instance: /tb_axi_florian_64bits/COREAXI4SRAM_C2_0/COREAXI4SRAM_C2_0/U_COREAXI4SRAM_C2_COREAXI4SRAM_C2_0_CoreAXI4SRAM_MAINCTRL
# ** Warning: There is an 'U'|'X'|'W'|'Z'|'-' in an arithmetic operand, the result will be 'X'(es).
#    Time: 0 ps  Iteration: 0  Instance: /tb_axi_florian_64bits/COREAXI4SRAM_C2_0/COREAXI4SRAM_C2_0/U_COREAXI4SRAM_C2_COREAXI4SRAM_C2_0_CoreAXI4SRAM_MAINCTRL
# ** Warning: There is an 'U'|'X'|'W'|'Z'|'-' in an arithmetic operand, the result will be 'X'(es).
#    Time: 0 ps  Iteration: 0  Instance: /tb_axi_florian_64bits/COREAXI4SRAM_C2_0/COREAXI4SRAM_C2_0/U_COREAXI4SRAM_C2_COREAXI4SRAM_C2_0_CoreAXI4SRAM_MAINCTRL
# ** Warning: There is an 'U'|'X'|'W'|'Z'|'-' in an arithmetic operand, the result will be 'X'(es).
#    Time: 0 ps  Iteration: 0  Instance: /tb_axi_florian_64bits/COREAXI4SRAM_C2_0/COREAXI4SRAM_C2_0/U_COREAXI4SRAM_C2_COREAXI4SRAM_C2_0_CoreAXI4SRAM_MAINCTRL
# ** Warning: There is an 'U'|'X'|'W'|'Z'|'-' in an arithmetic operand, the result will be 'X'(es).
#    Time: 0 ps  Iteration: 0  Instance: /tb_axi_florian_64bits/COREAXI4SRAM_C2_0/COREAXI4SRAM_C2_0/U_COREAXI4SRAM_C2_COREAXI4SRAM_C2_0_CoreAXI4SRAM_MAINCTRL
# ** Warning: There is an 'U'|'X'|'W'|'Z'|'-' in an arithmetic operand, the result will be 'X'(es).
#    Time: 0 ps  Iteration: 0  Instance: /tb_axi_florian_64bits/COREAXI4SRAM_C2_0/COREAXI4SRAM_C2_0/U_COREAXI4SRAM_C2_COREAXI4SRAM_C2_0_CoreAXI4SRAM_MAINCTRL
# ** Warning: There is an 'U'|'X'|'W'|'Z'|'-' in an arithmetic operand, the result will be 'X'(es).
#    Time: 0 ps  Iteration: 0  Instance: /tb_axi_florian_64bits/COREAXI4SRAM_C2_0/COREAXI4SRAM_C2_0/U_COREAXI4SRAM_C2_COREAXI4SRAM_C2_0_CoreAXI4SRAM_MAINCTRL
# ** Warning: There is an 'U'|'X'|'W'|'Z'|'-' in an arithmetic operand, the result will be 'X'(es).
#    Time: 0 ps  Iteration: 0  Instance: /tb_axi_florian_64bits/COREAXI4SRAM_C2_0/COREAXI4SRAM_C2_0/U_COREAXI4SRAM_C2_COREAXI4SRAM_C2_0_CoreAXI4SRAM_MAINCTRL
# ** Warning: There is an 'U'|'X'|'W'|'Z'|'-' in an arithmetic operand, the result will be 'X'(es).
#    Time: 0 ps  Iteration: 0  Instance: /tb_axi_florian_64bits/COREAXI4SRAM_C2_0/COREAXI4SRAM_C2_0/U_COREAXI4SRAM_C2_COREAXI4SRAM_C2_0_CoreAXI4SRAM_MAINCTRL
# ** Warning: There is an 'U'|'X'|'W'|'Z'|'-' in an arithmetic operand, the result will be 'X'(es).
#    Time: 0 ps  Iteration: 0  Instance: /tb_axi_florian_64bits/COREAXI4SRAM_C2_0/COREAXI4SRAM_C2_0/U_COREAXI4SRAM_C2_COREAXI4SRAM_C2_0_CoreAXI4SRAM_MAINCTRL
# ** Warning: There is an 'U'|'X'|'W'|'Z'|'-' in an arithmetic operand, the result will be 'X'(es).
#    Time: 0 ps  Iteration: 0  Instance: /tb_axi_florian_64bits/COREAXI4SRAM_C2_0/COREAXI4SRAM_C2_0/U_COREAXI4SRAM_C2_COREAXI4SRAM_C2_0_CoreAXI4SRAM_MAINCTRL
# ** Warning: There is an 'U'|'X'|'W'|'Z'|'-' in an arithmetic operand, the result will be 'X'(es).
#    Time: 0 ps  Iteration: 0  Instance: /tb_axi_florian_64bits/COREAXI4SRAM_C2_0/COREAXI4SRAM_C2_0/U_COREAXI4SRAM_C2_COREAXI4SRAM_C2_0_CoreAXI4SRAM_MAINCTRL
# ** Warning: There is an 'U'|'X'|'W'|'Z'|'-' in an arithmetic operand, the result will be 'X'(es).
#    Time: 0 ps  Iteration: 0  Instance: /tb_axi_florian_64bits/COREAXI4SRAM_C2_0/COREAXI4SRAM_C2_0/U_COREAXI4SRAM_C2_COREAXI4SRAM_C2_0_CoreAXI4SRAM_MAINCTRL
# ** Warning: There is an 'U'|'X'|'W'|'Z'|'-' in an arithmetic operand, the result will be 'X'(es).
#    Time: 0 ps  Iteration: 0  Instance: /tb_axi_florian_64bits/COREAXI4SRAM_C2_0/COREAXI4SRAM_C2_0/U_COREAXI4SRAM_C2_COREAXI4SRAM_C2_0_CoreAXI4SRAM_MAINCTRL
# ** Warning: There is an 'U'|'X'|'W'|'Z'|'-' in an arithmetic operand, the result will be 'X'(es).
#    Time: 0 ps  Iteration: 0  Instance: /tb_axi_florian_64bits/COREAXI4SRAM_C2_0/COREAXI4SRAM_C2_0/U_COREAXI4SRAM_C2_COREAXI4SRAM_C2_0_CoreAXI4SRAM_MAINCTRL
# ** Warning: There is an 'U'|'X'|'W'|'Z'|'-' in an arithmetic operand, the result will be 'X'(es).
#    Time: 0 ps  Iteration: 0  Instance: /tb_axi_florian_64bits/COREAXI4SRAM_C2_0/COREAXI4SRAM_C2_0/U_COREAXI4SRAM_C2_COREAXI4SRAM_C2_0_CoreAXI4SRAM_MAINCTRL
# ** Warning: There is an 'U'|'X'|'W'|'Z'|'-' in an arithmetic operand, the result will be 'X'(es).
#    Time: 0 ps  Iteration: 0  Instance: /tb_axi_florian_64bits/COREAXI4SRAM_C2_0/COREAXI4SRAM_C2_0/U_COREAXI4SRAM_C2_COREAXI4SRAM_C2_0_CoreAXI4SRAM_MAINCTRL
# ** Warning: There is an 'U'|'X'|'W'|'Z'|'-' in an arithmetic operand, the result will be 'X'(es).
#    Time: 0 ps  Iteration: 0  Instance: /tb_axi_florian_64bits/COREAXI4SRAM_C2_0/COREAXI4SRAM_C2_0/U_COREAXI4SRAM_C2_COREAXI4SRAM_C2_0_CoreAXI4SRAM_MAINCTRL
# ** Warning: There is an 'U'|'X'|'W'|'Z'|'-' in an arithmetic operand, the result will be 'X'(es).
#    Time: 0 ps  Iteration: 0  Instance: /tb_axi_florian_64bits/COREAXI4SRAM_C2_0/COREAXI4SRAM_C2_0/U_COREAXI4SRAM_C2_COREAXI4SRAM_C2_0_CoreAXI4SRAM_MAINCTRL
# ** Warning: There is an 'U'|'X'|'W'|'Z'|'-' in an arithmetic operand, the result will be 'X'(es).
#    Time: 0 ps  Iteration: 0  Region: /tb_axi_florian_64bits/COREAXI4SRAM_C2_0/COREAXI4SRAM_C2_0/U_COREAXI4SRAM_C2_COREAXI4SRAM_C2_0_CoreAXI4SRAM_MAINCTRL/L7111
# ** Warning: There is an 'U'|'X'|'W'|'Z'|'-' in an arithmetic operand, the result will be 'X'(es).
#    Time: 0 ps  Iteration: 0  Region: /tb_axi_florian_64bits/COREAXI4SRAM_C2_0/COREAXI4SRAM_C2_0/U_COREAXI4SRAM_C2_COREAXI4SRAM_C2_0_CoreAXI4SRAM_MAINCTRL/L7111
# ** Warning: There is an 'U'|'X'|'W'|'Z'|'-' in an arithmetic operand, the result will be 'X'(es).
#    Time: 0 ps  Iteration: 0  Region: /tb_axi_florian_64bits/COREAXI4SRAM_C2_0/COREAXI4SRAM_C2_0/U_COREAXI4SRAM_C2_COREAXI4SRAM_C2_0_CoreAXI4SRAM_MAINCTRL/L7111
# ** Warning: There is an 'U'|'X'|'W'|'Z'|'-' in an arithmetic operand, the result will be 'X'(es).
#    Time: 0 ps  Iteration: 0  Instance: /tb_axi_florian_64bits/COREAXI4SRAM_C2_0/COREAXI4SRAM_C2_0/U_COREAXI4SRAM_C2_COREAXI4SRAM_C2_0_CoreAXI4SRAM_MAINCTRL
# ** Warning: There is an 'U'|'X'|'W'|'Z'|'-' in an arithmetic operand, the result will be 'X'(es).
#    Time: 0 ps  Iteration: 0  Instance: /tb_axi_florian_64bits/COREAXI4SRAM_C2_0/COREAXI4SRAM_C2_0/U_COREAXI4SRAM_C2_COREAXI4SRAM_C2_0_CoreAXI4SRAM_MAINCTRL
# ** Warning: There is an 'U'|'X'|'W'|'Z'|'-' in an arithmetic operand, the result will be 'X'(es).
#    Time: 0 ps  Iteration: 0  Instance: /tb_axi_florian_64bits/COREAXI4SRAM_C2_0/COREAXI4SRAM_C2_0/U_COREAXI4SRAM_C2_COREAXI4SRAM_C2_0_CoreAXI4SRAM_MAINCTRL
# ** Warning: There is an 'U'|'X'|'W'|'Z'|'-' in an arithmetic operand, the result will be 'X'(es).
#    Time: 0 ps  Iteration: 0  Instance: /tb_axi_florian_64bits/COREAXI4SRAM_C2_0/COREAXI4SRAM_C2_0/U_COREAXI4SRAM_C2_COREAXI4SRAM_C2_0_CoreAXI4SRAM_MAINCTRL
# ** Warning: There is an 'U'|'X'|'W'|'Z'|'-' in an arithmetic operand, the result will be 'X'(es).
#    Time: 0 ps  Iteration: 0  Instance: /tb_axi_florian_64bits/COREAXI4SRAM_C2_0/COREAXI4SRAM_C2_0/U_COREAXI4SRAM_C2_COREAXI4SRAM_C2_0_CoreAXI4SRAM_MAINCTRL
# ** Warning: There is an 'U'|'X'|'W'|'Z'|'-' in an arithmetic operand, the result will be 'X'(es).
#    Time: 0 ps  Iteration: 0  Instance: /tb_axi_florian_64bits/COREAXI4SRAM_C2_0/COREAXI4SRAM_C2_0/U_COREAXI4SRAM_C2_COREAXI4SRAM_C2_0_CoreAXI4SRAM_MAINCTRL
# ** Warning: There is an 'U'|'X'|'W'|'Z'|'-' in an arithmetic operand, the result will be 'X'(es).
#    Time: 0 ps  Iteration: 0  Instance: /tb_axi_florian_64bits/COREAXI4SRAM_C2_0/COREAXI4SRAM_C2_0/U_COREAXI4SRAM_C2_COREAXI4SRAM_C2_0_CoreAXI4SRAM_MAINCTRL
# ** Warning: There is an 'U'|'X'|'W'|'Z'|'-' in an arithmetic operand, the result will be 'X'(es).
#    Time: 0 ps  Iteration: 0  Instance: /tb_axi_florian_64bits/COREAXI4SRAM_C2_0/COREAXI4SRAM_C2_0/U_COREAXI4SRAM_C2_COREAXI4SRAM_C2_0_CoreAXI4SRAM_MAINCTRL
# ** Warning: There is an 'U'|'X'|'W'|'Z'|'-' in an arithmetic operand, the result will be 'X'(es).
#    Time: 0 ps  Iteration: 0  Instance: /tb_axi_florian_64bits/COREAXI4SRAM_C2_0/COREAXI4SRAM_C2_0/U_COREAXI4SRAM_C2_COREAXI4SRAM_C2_0_CoreAXI4SRAM_MAINCTRL
# ** Warning: There is an 'U'|'X'|'W'|'Z'|'-' in an arithmetic operand, the result will be 'X'(es).
#    Time: 0 ps  Iteration: 0  Instance: /tb_axi_florian_64bits/COREAXI4SRAM_C2_0/COREAXI4SRAM_C2_0/U_COREAXI4SRAM_C2_COREAXI4SRAM_C2_0_CoreAXI4SRAM_MAINCTRL
# ** Warning: There is an 'U'|'X'|'W'|'Z'|'-' in an arithmetic operand, the result will be 'X'(es).
#    Time: 0 ps  Iteration: 1  Instance: /tb_axi_florian_64bits/COREAXI4SRAM_C2_0/COREAXI4SRAM_C2_0/U_COREAXI4SRAM_C2_COREAXI4SRAM_C2_0_CoreAXI4SRAM_MAINCTRL
# ** Warning: There is an 'U'|'X'|'W'|'Z'|'-' in an arithmetic operand, the result will be 'X'(es).
#    Time: 0 ps  Iteration: 1  Instance: /tb_axi_florian_64bits/COREAXI4SRAM_C2_0/COREAXI4SRAM_C2_0/U_COREAXI4SRAM_C2_COREAXI4SRAM_C2_0_CoreAXI4SRAM_MAINCTRL
# ** Warning: There is an 'U'|'X'|'W'|'Z'|'-' in an arithmetic operand, the result will be 'X'(es).
#    Time: 0 ps  Iteration: 1  Instance: /tb_axi_florian_64bits/COREAXI4SRAM_C2_0/COREAXI4SRAM_C2_0/U_COREAXI4SRAM_C2_COREAXI4SRAM_C2_0_CoreAXI4SRAM_MAINCTRL
# ** Warning: There is an 'U'|'X'|'W'|'Z'|'-' in an arithmetic operand, the result will be 'X'(es).
#    Time: 0 ps  Iteration: 1  Instance: /tb_axi_florian_64bits/COREAXI4SRAM_C2_0/COREAXI4SRAM_C2_0/U_COREAXI4SRAM_C2_COREAXI4SRAM_C2_0_CoreAXI4SRAM_MAINCTRL
# ** Warning: There is an 'U'|'X'|'W'|'Z'|'-' in an arithmetic operand, the result will be 'X'(es).
#    Time: 0 ps  Iteration: 1  Instance: /tb_axi_florian_64bits/COREAXI4SRAM_C2_0/COREAXI4SRAM_C2_0/U_COREAXI4SRAM_C2_COREAXI4SRAM_C2_0_CoreAXI4SRAM_MAINCTRL
# ** Warning: There is an 'U'|'X'|'W'|'Z'|'-' in an arithmetic operand, the result will be 'X'(es).
#    Time: 0 ps  Iteration: 1  Instance: /tb_axi_florian_64bits/COREAXI4SRAM_C2_0/COREAXI4SRAM_C2_0/U_COREAXI4SRAM_C2_COREAXI4SRAM_C2_0_CoreAXI4SRAM_MAINCTRL
# ** Warning: There is an 'U'|'X'|'W'|'Z'|'-' in an arithmetic operand, the result will be 'X'(es).
#    Time: 0 ps  Iteration: 1  Instance: /tb_axi_florian_64bits/COREAXI4SRAM_C2_0/COREAXI4SRAM_C2_0/U_COREAXI4SRAM_C2_COREAXI4SRAM_C2_0_CoreAXI4SRAM_MAINCTRL
# ** Warning: There is an 'U'|'X'|'W'|'Z'|'-' in an arithmetic operand, the result will be 'X'(es).
#    Time: 0 ps  Iteration: 1  Instance: /tb_axi_florian_64bits/COREAXI4SRAM_C2_0/COREAXI4SRAM_C2_0/U_COREAXI4SRAM_C2_COREAXI4SRAM_C2_0_CoreAXI4SRAM_MAINCTRL
# ** Warning: There is an 'U'|'X'|'W'|'Z'|'-' in an arithmetic operand, the result will be 'X'(es).
#    Time: 0 ps  Iteration: 1  Instance: /tb_axi_florian_64bits/COREAXI4SRAM_C2_0/COREAXI4SRAM_C2_0/U_COREAXI4SRAM_C2_COREAXI4SRAM_C2_0_CoreAXI4SRAM_MAINCTRL
# ** Warning: There is an 'U'|'X'|'W'|'Z'|'-' in an arithmetic operand, the result will be 'X'(es).
#    Time: 0 ps  Iteration: 1  Instance: /tb_axi_florian_64bits/COREAXI4SRAM_C2_0/COREAXI4SRAM_C2_0/U_COREAXI4SRAM_C2_COREAXI4SRAM_C2_0_CoreAXI4SRAM_MAINCTRL
# ** Warning: There is an 'U'|'X'|'W'|'Z'|'-' in an arithmetic operand, the result will be 'X'(es).
#    Time: 0 ps  Iteration: 1  Instance: /tb_axi_florian_64bits/COREAXI4SRAM_C2_0/COREAXI4SRAM_C2_0/U_COREAXI4SRAM_C2_COREAXI4SRAM_C2_0_CoreAXI4SRAM_MAINCTRL
# ** Warning: There is an 'U'|'X'|'W'|'Z'|'-' in an arithmetic operand, the result will be 'X'(es).
#    Time: 0 ps  Iteration: 2  Instance: /tb_axi_florian_64bits/COREAXI4SRAM_C2_0/COREAXI4SRAM_C2_0/U_COREAXI4SRAM_C2_COREAXI4SRAM_C2_0_CoreAXI4SRAM_MAINCTRL
# ** Warning: There is an 'U'|'X'|'W'|'Z'|'-' in an arithmetic operand, the result will be 'X'(es).
#    Time: 0 ps  Iteration: 2  Instance: /tb_axi_florian_64bits/COREAXI4SRAM_C2_0/COREAXI4SRAM_C2_0/U_COREAXI4SRAM_C2_COREAXI4SRAM_C2_0_CoreAXI4SRAM_MAINCTRL
# ** Warning: There is an 'U'|'X'|'W'|'Z'|'-' in an arithmetic operand, the result will be 'X'(es).
#    Time: 0 ps  Iteration: 2  Instance: /tb_axi_florian_64bits/COREAXI4SRAM_C2_0/COREAXI4SRAM_C2_0/U_COREAXI4SRAM_C2_COREAXI4SRAM_C2_0_CoreAXI4SRAM_MAINCTRL
# ** Warning: There is an 'U'|'X'|'W'|'Z'|'-' in an arithmetic operand, the result will be 'X'(es).
#    Time: 0 ps  Iteration: 2  Instance: /tb_axi_florian_64bits/COREAXI4SRAM_C2_0/COREAXI4SRAM_C2_0/U_COREAXI4SRAM_C2_COREAXI4SRAM_C2_0_CoreAXI4SRAM_MAINCTRL
# ** Warning: There is an 'U'|'X'|'W'|'Z'|'-' in an arithmetic operand, the result will be 'X'(es).
#    Time: 0 ps  Iteration: 2  Instance: /tb_axi_florian_64bits/COREAXI4SRAM_C2_0/COREAXI4SRAM_C2_0/U_COREAXI4SRAM_C2_COREAXI4SRAM_C2_0_CoreAXI4SRAM_MAINCTRL
# ** Warning: There is an 'U'|'X'|'W'|'Z'|'-' in an arithmetic operand, the result will be 'X'(es).
#    Time: 0 ps  Iteration: 2  Region: /tb_axi_florian_64bits/COREAXI4SRAM_C2_0/COREAXI4SRAM_C2_0/U_COREAXI4SRAM_C2_COREAXI4SRAM_C2_0_CoreAXI4SRAM_MAINCTRL/L7111
# ** Warning: There is an 'U'|'X'|'W'|'Z'|'-' in an arithmetic operand, the result will be 'X'(es).
#    Time: 0 ps  Iteration: 2  Region: /tb_axi_florian_64bits/COREAXI4SRAM_C2_0/COREAXI4SRAM_C2_0/U_COREAXI4SRAM_C2_COREAXI4SRAM_C2_0_CoreAXI4SRAM_MAINCTRL/L7111
# ** Warning: There is an 'U'|'X'|'W'|'Z'|'-' in an arithmetic operand, the result will be 'X'(es).
#    Time: 0 ps  Iteration: 2  Region: /tb_axi_florian_64bits/COREAXI4SRAM_C2_0/COREAXI4SRAM_C2_0/U_COREAXI4SRAM_C2_COREAXI4SRAM_C2_0_CoreAXI4SRAM_MAINCTRL/L7111
# ** Warning: There is an 'U'|'X'|'W'|'Z'|'-' in an arithmetic operand, the result will be 'X'(es).
#    Time: 0 ps  Iteration: 4  Instance: /tb_axi_florian_64bits/COREAXI4SRAM_C2_0/COREAXI4SRAM_C2_0/U_COREAXI4SRAM_C2_COREAXI4SRAM_C2_0_CoreAXI4SRAM_MAINCTRL
# ** Warning: There is an 'U'|'X'|'W'|'Z'|'-' in an arithmetic operand, the result will be 'X'(es).
#    Time: 0 ps  Iteration: 4  Instance: /tb_axi_florian_64bits/COREAXI4SRAM_C2_0/COREAXI4SRAM_C2_0/U_COREAXI4SRAM_C2_COREAXI4SRAM_C2_0_CoreAXI4SRAM_MAINCTRL
# ** Warning: There is an 'U'|'X'|'W'|'Z'|'-' in an arithmetic operand, the result will be 'X'(es).
#    Time: 0 ps  Iteration: 4  Instance: /tb_axi_florian_64bits/COREAXI4SRAM_C2_0/COREAXI4SRAM_C2_0/U_COREAXI4SRAM_C2_COREAXI4SRAM_C2_0_CoreAXI4SRAM_MAINCTRL
# ** Warning: There is an 'U'|'X'|'W'|'Z'|'-' in an arithmetic operand, the result will be 'X'(es).
#    Time: 0 ps  Iteration: 4  Instance: /tb_axi_florian_64bits/COREAXI4SRAM_C2_0/COREAXI4SRAM_C2_0/U_COREAXI4SRAM_C2_COREAXI4SRAM_C2_0_CoreAXI4SRAM_MAINCTRL
# ** Warning: There is an 'U'|'X'|'W'|'Z'|'-' in an arithmetic operand, the result will be 'X'(es).
#    Time: 0 ps  Iteration: 4  Instance: /tb_axi_florian_64bits/COREAXI4SRAM_C2_0/COREAXI4SRAM_C2_0/U_COREAXI4SRAM_C2_COREAXI4SRAM_C2_0_CoreAXI4SRAM_MAINCTRL
# ** Warning: There is an 'U'|'X'|'W'|'Z'|'-' in an arithmetic operand, the result will be 'X'(es).
#    Time: 0 ps  Iteration: 4  Instance: /tb_axi_florian_64bits/COREAXI4SRAM_C2_0/COREAXI4SRAM_C2_0/U_COREAXI4SRAM_C2_COREAXI4SRAM_C2_0_CoreAXI4SRAM_MAINCTRL
# ** Warning: There is an 'U'|'X'|'W'|'Z'|'-' in an arithmetic operand, the result will be 'X'(es).
#    Time: 0 ps  Iteration: 4  Instance: /tb_axi_florian_64bits/COREAXI4SRAM_C2_0/COREAXI4SRAM_C2_0/U_COREAXI4SRAM_C2_COREAXI4SRAM_C2_0_CoreAXI4SRAM_MAINCTRL
# ** Warning: There is an 'U'|'X'|'W'|'Z'|'-' in an arithmetic operand, the result will be 'X'(es).
#    Time: 0 ps  Iteration: 4  Instance: /tb_axi_florian_64bits/COREAXI4SRAM_C2_0/COREAXI4SRAM_C2_0/U_COREAXI4SRAM_C2_COREAXI4SRAM_C2_0_CoreAXI4SRAM_MAINCTRL
# ** Warning: There is an 'U'|'X'|'W'|'Z'|'-' in an arithmetic operand, the result will be 'X'(es).
#    Time: 0 ps  Iteration: 4  Instance: /tb_axi_florian_64bits/COREAXI4SRAM_C2_0/COREAXI4SRAM_C2_0/U_COREAXI4SRAM_C2_COREAXI4SRAM_C2_0_CoreAXI4SRAM_MAINCTRL
# ** Warning: There is an 'U'|'X'|'W'|'Z'|'-' in an arithmetic operand, the result will be 'X'(es).
#    Time: 0 ps  Iteration: 4  Instance: /tb_axi_florian_64bits/COREAXI4SRAM_C2_0/COREAXI4SRAM_C2_0/U_COREAXI4SRAM_C2_COREAXI4SRAM_C2_0_CoreAXI4SRAM_MAINCTRL
do wave_fl64.do
force -freeze sim:/tb_axi_florian_64bits/axi_master_florian_64bits_0/i_start_write 1 0 -cancel 11ns
# ** Warning: (vsim-8780) Forcing /tb_axi_florian_64bits/GND_net as root of /tb_axi_florian_64bits/axi_master_florian_64bits_0/i_start_write specified in the force.
run
run
run
run
run
run
run
run
run
run
# End time: 12:27:43 on Mar 14,2024, Elapsed time: 0:01:47
# Errors: 0, Warnings: 104
