# Reading pref.tcl
# do run.do
# INFO: Simulation library presynth already exists
# Model Technology ModelSim Microsemi Pro vmap 2023.1 Lib Mapping Utility 2023.01 Jan 24 2023
# vmap presynth presynth 
# Modifying modelsim.ini
# Model Technology ModelSim Microsemi Pro vmap 2023.1 Lib Mapping Utility 2023.01 Jan 24 2023
# vmap PolarFire C:/Microchip/Libero_SoC_v2023.2/Designer/lib/modelsimpro/precompiled/vlog/polarfire 
# Modifying modelsim.ini
# INFO: Simulation library COREFIFO_LIB already exists
# Model Technology ModelSim Microsemi Pro vmap 2023.1 Lib Mapping Utility 2023.01 Jan 24 2023
# vmap COREFIFO_LIB COREFIFO_LIB 
# Modifying modelsim.ini
# INFO: Simulation library COREAXI4SRAM_LIB already exists
# Model Technology ModelSim Microsemi Pro vmap 2023.1 Lib Mapping Utility 2023.01 Jan 24 2023
# vmap COREAXI4SRAM_LIB COREAXI4SRAM_LIB 
# Modifying modelsim.ini
# Model Technology ModelSim Microsemi Pro vcom 2023.1 Compiler 2023.01 Jan 24 2023
# Start time: 17:50:24 on Feb 14,2024
# vcom -reportprogress 300 -2008 -explicit -work COREAXI4SRAM_LIB C:/Users/YanGao/Desktop/Yan/Test_ram_write/component/work/COREAXI4SRAM_C1/COREAXI4SRAM_C1_0/rtl/vhdl/core/misc_pkg.vhd 
# -- Loading package STANDARD
# -- Loading package TEXTIO
# -- Loading package std_logic_1164
# -- Loading package std_logic_arith
# -- Loading package STD_LOGIC_UNSIGNED
# ** Warning: C:/Users/YanGao/Desktop/Yan/Test_ram_write/component/work/COREAXI4SRAM_C1/COREAXI4SRAM_C1_0/rtl/vhdl/core/misc_pkg.vhd(5): (vcom-1615) Existing package 'misc_pkg' at C:/Users/YanGao/Desktop/Yan/Test_ram_write/component/work/COREAXI4SRAM_C2/COREAXI4SRAM_C2_0/rtl/vhdl/core/misc_pkg.vhd(5) will be overwritten.
# -- Compiling package misc_pkg
# ** Warning: C:/Users/YanGao/Desktop/Yan/Test_ram_write/component/work/COREAXI4SRAM_C1/COREAXI4SRAM_C1_0/rtl/vhdl/core/misc_pkg.vhd(15): (vcom-1615) Existing package body 'misc_pkg(body)' at C:/Users/YanGao/Desktop/Yan/Test_ram_write/component/work/COREAXI4SRAM_C2/COREAXI4SRAM_C2_0/rtl/vhdl/core/misc_pkg.vhd(15) will be overwritten.
# -- Compiling package body misc_pkg
# -- Loading package misc_pkg
# End time: 17:50:24 on Feb 14,2024, Elapsed time: 0:00:00
# Errors: 0, Warnings: 2
# Model Technology ModelSim Microsemi Pro vcom 2023.1 Compiler 2023.01 Jan 24 2023
# Start time: 17:50:24 on Feb 14,2024
# vcom -reportprogress 300 -2008 -explicit -work COREAXI4SRAM_LIB C:/Users/YanGao/Desktop/Yan/Test_ram_write/component/work/COREAXI4SRAM_C1/COREAXI4SRAM_C1_0/rtl/vhdl/core/XHDL_std_logic.vhd 
# -- Loading package STANDARD
# -- Loading package TEXTIO
# -- Loading package std_logic_1164
# -- Loading package std_logic_arith
# -- Loading package STD_LOGIC_UNSIGNED
# ** Warning: C:/Users/YanGao/Desktop/Yan/Test_ram_write/component/work/COREAXI4SRAM_C1/COREAXI4SRAM_C1_0/rtl/vhdl/core/XHDL_std_logic.vhd(43): (vcom-1615) Existing package 'xhdl_std_logic' at C:/Users/YanGao/Desktop/Yan/Test_ram_write/component/work/COREAXI4SRAM_C2/COREAXI4SRAM_C2_0/rtl/vhdl/core/XHDL_std_logic.vhd(43) will be overwritten.
# -- Compiling package xhdl_std_logic
# ** Warning: C:/Users/YanGao/Desktop/Yan/Test_ram_write/component/work/COREAXI4SRAM_C1/COREAXI4SRAM_C1_0/rtl/vhdl/core/XHDL_std_logic.vhd(136): (vcom-1615) Existing package body 'xhdl_std_logic(body)' at C:/Users/YanGao/Desktop/Yan/Test_ram_write/component/work/COREAXI4SRAM_C2/COREAXI4SRAM_C2_0/rtl/vhdl/core/XHDL_std_logic.vhd(136) will be overwritten.
# -- Compiling package body xhdl_std_logic
# -- Loading package xhdl_std_logic
# End time: 17:50:24 on Feb 14,2024, Elapsed time: 0:00:00
# Errors: 0, Warnings: 2
# Model Technology ModelSim Microsemi Pro vcom 2023.1 Compiler 2023.01 Jan 24 2023
# Start time: 17:50:24 on Feb 14,2024
# vcom -reportprogress 300 -2008 -explicit -work COREAXI4SRAM_LIB C:/Users/YanGao/Desktop/Yan/Test_ram_write/component/work/COREAXI4SRAM_C2/COREAXI4SRAM_C2_0/rtl/vhdl/core/CoreAXI4SRAM_MAINCTRL.vhd 
# -- Loading package STANDARD
# -- Loading package TEXTIO
# -- Loading package std_logic_1164
# -- Loading package std_logic_arith
# -- Loading package STD_LOGIC_UNSIGNED
# -- Loading package ATTRIBUTES
# -- Loading package std_logic_misc
# -- Loading package misc_pkg
# -- Loading package xhdl_std_logic
# -- Compiling entity COREAXI4SRAM_C2_COREAXI4SRAM_C2_0_CoreAXI4SRAM_MAINCTRL
# -- Compiling architecture trans of COREAXI4SRAM_C2_COREAXI4SRAM_C2_0_CoreAXI4SRAM_MAINCTRL
# End time: 17:50:24 on Feb 14,2024, Elapsed time: 0:00:00
# Errors: 0, Warnings: 0
# Model Technology ModelSim Microsemi Pro vcom 2023.1 Compiler 2023.01 Jan 24 2023
# Start time: 17:50:24 on Feb 14,2024
# vcom -reportprogress 300 -2008 -explicit -work COREAXI4SRAM_LIB C:/Users/YanGao/Desktop/Yan/Test_ram_write/component/work/COREAXI4SRAM_C2/COREAXI4SRAM_C2_0/rtl/vhdl/core/CoreAXI4SRAM_MEMIF.vhd 
# -- Loading package STANDARD
# -- Loading package TEXTIO
# -- Loading package std_logic_1164
# -- Loading package std_logic_arith
# -- Loading package STD_LOGIC_UNSIGNED
# -- Loading package ATTRIBUTES
# -- Loading package std_logic_misc
# -- Loading package misc_pkg
# -- Compiling entity COREAXI4SRAM_C2_COREAXI4SRAM_C2_0_CoreAXI4SRAM_MEMIF
# -- Compiling architecture trans of COREAXI4SRAM_C2_COREAXI4SRAM_C2_0_CoreAXI4SRAM_MEMIF
# End time: 17:50:24 on Feb 14,2024, Elapsed time: 0:00:00
# Errors: 0, Warnings: 0
# Model Technology ModelSim Microsemi Pro vcom 2023.1 Compiler 2023.01 Jan 24 2023
# Start time: 17:50:24 on Feb 14,2024
# vcom -reportprogress 300 -2008 -explicit -work COREAXI4SRAM_LIB C:/Users/YanGao/Desktop/Yan/Test_ram_write/component/work/COREAXI4SRAM_C2/COREAXI4SRAM_C2_0/rtl/vhdl/core/CoreAXI4SRAM_SLVIF.vhd 
# -- Loading package STANDARD
# -- Loading package TEXTIO
# -- Loading package std_logic_1164
# -- Loading package std_logic_arith
# -- Loading package STD_LOGIC_UNSIGNED
# -- Loading package ATTRIBUTES
# -- Loading package std_logic_misc
# -- Loading package misc_pkg
# -- Compiling entity COREAXI4SRAM_C2_COREAXI4SRAM_C2_0_CoreAXI4SRAM_SLVIF
# -- Compiling architecture trans of COREAXI4SRAM_C2_COREAXI4SRAM_C2_0_CoreAXI4SRAM_SLVIF
# End time: 17:50:24 on Feb 14,2024, Elapsed time: 0:00:00
# Errors: 0, Warnings: 0
# Model Technology ModelSim Microsemi Pro vcom 2023.1 Compiler 2023.01 Jan 24 2023
# Start time: 17:50:24 on Feb 14,2024
# vcom -reportprogress 300 -2008 -explicit -work COREAXI4SRAM_LIB C:/Users/YanGao/Desktop/Yan/Test_ram_write/component/work/COREAXI4SRAM_C2/COREAXI4SRAM_C2_0/rtl/vhdl/core/CoreAXI4SRAM.vhd 
# -- Loading package STANDARD
# -- Loading package TEXTIO
# -- Loading package std_logic_1164
# -- Loading package std_logic_arith
# -- Loading package STD_LOGIC_UNSIGNED
# -- Loading package ATTRIBUTES
# -- Loading package std_logic_misc
# -- Loading package misc_pkg
# -- Compiling entity COREAXI4SRAM_C2_COREAXI4SRAM_C2_0_COREAXI4SRAM
# -- Compiling architecture trans of COREAXI4SRAM_C2_COREAXI4SRAM_C2_0_COREAXI4SRAM
# End time: 17:50:25 on Feb 14,2024, Elapsed time: 0:00:01
# Errors: 0, Warnings: 0
# Model Technology ModelSim Microsemi Pro vcom 2023.1 Compiler 2023.01 Jan 24 2023
# Start time: 17:50:25 on Feb 14,2024
# vcom -reportprogress 300 -2008 -explicit -work presynth C:/Users/YanGao/Desktop/Yan/Test_ram_write/component/work/COREAXI4SRAM_C2/COREAXI4SRAM_C2.vhd 
# -- Loading package STANDARD
# -- Loading package TEXTIO
# -- Loading package std_logic_1164
# -- Compiling entity COREAXI4SRAM_C2
# -- Compiling architecture RTL of COREAXI4SRAM_C2
# End time: 17:50:25 on Feb 14,2024, Elapsed time: 0:00:00
# Errors: 0, Warnings: 0
# Model Technology ModelSim Microsemi Pro vcom 2023.1 Compiler 2023.01 Jan 24 2023
# Start time: 17:50:25 on Feb 14,2024
# vcom -reportprogress 300 -2008 -explicit -work COREFIFO_LIB C:/Users/YanGao/Desktop/Yan/Test_ram_write/component/Actel/DirectCore/COREFIFO/3.0.101/rtl/vhdl/core/fifo_pkg.vhd 
# -- Loading package STANDARD
# -- Loading package TEXTIO
# -- Loading package std_logic_1164
# -- Loading package std_logic_arith
# -- Loading package STD_LOGIC_UNSIGNED
# -- Compiling package fifo_pkg
# -- Compiling package body fifo_pkg
# -- Loading package fifo_pkg
# End time: 17:50:25 on Feb 14,2024, Elapsed time: 0:00:00
# Errors: 0, Warnings: 0
# Model Technology ModelSim Microsemi Pro vcom 2023.1 Compiler 2023.01 Jan 24 2023
# Start time: 17:50:25 on Feb 14,2024
# vcom -reportprogress 300 -2008 -explicit -work COREAXI4SRAM_LIB C:/Users/YanGao/Desktop/Yan/Test_ram_write/component/work/COREAXI4SRAM_C2/COREAXI4SRAM_C2_0/rtl/vhdl/core/misc_pkg.vhd 
# -- Loading package STANDARD
# -- Loading package TEXTIO
# -- Loading package std_logic_1164
# -- Loading package std_logic_arith
# -- Loading package STD_LOGIC_UNSIGNED
# ** Warning: C:/Users/YanGao/Desktop/Yan/Test_ram_write/component/work/COREAXI4SRAM_C2/COREAXI4SRAM_C2_0/rtl/vhdl/core/misc_pkg.vhd(5): (vcom-1615) Existing package 'misc_pkg' at C:/Users/YanGao/Desktop/Yan/Test_ram_write/component/work/COREAXI4SRAM_C1/COREAXI4SRAM_C1_0/rtl/vhdl/core/misc_pkg.vhd(5) will be overwritten.
# -- Compiling package misc_pkg
# ** Warning: C:/Users/YanGao/Desktop/Yan/Test_ram_write/component/work/COREAXI4SRAM_C2/COREAXI4SRAM_C2_0/rtl/vhdl/core/misc_pkg.vhd(15): (vcom-1615) Existing package body 'misc_pkg(body)' at C:/Users/YanGao/Desktop/Yan/Test_ram_write/component/work/COREAXI4SRAM_C1/COREAXI4SRAM_C1_0/rtl/vhdl/core/misc_pkg.vhd(15) will be overwritten.
# -- Compiling package body misc_pkg
# -- Loading package misc_pkg
# End time: 17:50:25 on Feb 14,2024, Elapsed time: 0:00:00
# Errors: 0, Warnings: 2
# Model Technology ModelSim Microsemi Pro vcom 2023.1 Compiler 2023.01 Jan 24 2023
# Start time: 17:50:25 on Feb 14,2024
# vcom -reportprogress 300 -2008 -explicit -work COREAXI4SRAM_LIB C:/Users/YanGao/Desktop/Yan/Test_ram_write/component/work/COREAXI4SRAM_C2/COREAXI4SRAM_C2_0/rtl/vhdl/core/XHDL_misc.vhd 
# -- Loading package STANDARD
# -- Loading package TEXTIO
# -- Loading package std_logic_1164
# -- Compiling package xhdl_misc
# -- Compiling package body xhdl_misc
# -- Loading package xhdl_misc
# End time: 17:50:25 on Feb 14,2024, Elapsed time: 0:00:00
# Errors: 0, Warnings: 0
# Model Technology ModelSim Microsemi Pro vcom 2023.1 Compiler 2023.01 Jan 24 2023
# Start time: 17:50:25 on Feb 14,2024
# vcom -reportprogress 300 -2008 -explicit -work COREAXI4SRAM_LIB C:/Users/YanGao/Desktop/Yan/Test_ram_write/component/work/COREAXI4SRAM_C2/COREAXI4SRAM_C2_0/rtl/vhdl/core/XHDL_std_logic.vhd 
# -- Loading package STANDARD
# -- Loading package TEXTIO
# -- Loading package std_logic_1164
# -- Loading package std_logic_arith
# -- Loading package STD_LOGIC_UNSIGNED
# ** Warning: C:/Users/YanGao/Desktop/Yan/Test_ram_write/component/work/COREAXI4SRAM_C2/COREAXI4SRAM_C2_0/rtl/vhdl/core/XHDL_std_logic.vhd(43): (vcom-1615) Existing package 'xhdl_std_logic' at C:/Users/YanGao/Desktop/Yan/Test_ram_write/component/work/COREAXI4SRAM_C1/COREAXI4SRAM_C1_0/rtl/vhdl/core/XHDL_std_logic.vhd(43) will be overwritten.
# -- Compiling package xhdl_std_logic
# ** Warning: C:/Users/YanGao/Desktop/Yan/Test_ram_write/component/work/COREAXI4SRAM_C2/COREAXI4SRAM_C2_0/rtl/vhdl/core/XHDL_std_logic.vhd(136): (vcom-1615) Existing package body 'xhdl_std_logic(body)' at C:/Users/YanGao/Desktop/Yan/Test_ram_write/component/work/COREAXI4SRAM_C1/COREAXI4SRAM_C1_0/rtl/vhdl/core/XHDL_std_logic.vhd(136) will be overwritten.
# -- Compiling package body xhdl_std_logic
# -- Loading package xhdl_std_logic
# End time: 17:50:25 on Feb 14,2024, Elapsed time: 0:00:00
# Errors: 0, Warnings: 2
# Model Technology ModelSim Microsemi Pro vcom 2023.1 Compiler 2023.01 Jan 24 2023
# Start time: 17:50:25 on Feb 14,2024
# vcom -reportprogress 300 -2008 -explicit -work presynth C:/Users/YanGao/Desktop/Yan/Test_ram_write/component/Actel/Simulation/CLK_GEN/1.0.1/CLK_GEN.vhd 
# -- Loading package STANDARD
# -- Loading package TEXTIO
# -- Loading package std_logic_1164
# -- Loading package std_logic_arith
# -- Compiling entity CLK_GEN
# -- Compiling architecture behave of CLK_GEN
# End time: 17:50:25 on Feb 14,2024, Elapsed time: 0:00:00
# Errors: 0, Warnings: 0
# Model Technology ModelSim Microsemi Pro vcom 2023.1 Compiler 2023.01 Jan 24 2023
# Start time: 17:50:25 on Feb 14,2024
# vcom -reportprogress 300 -2008 -explicit -work presynth C:/Users/YanGao/Desktop/Yan/Test_ram_write/component/work/CLK_GEN_C2/CLK_GEN_C2.vhd 
# -- Loading package STANDARD
# -- Loading package TEXTIO
# -- Loading package std_logic_1164
# -- Compiling entity CLK_GEN_C2
# -- Compiling architecture RTL of CLK_GEN_C2
# End time: 17:50:25 on Feb 14,2024, Elapsed time: 0:00:00
# Errors: 0, Warnings: 0
# Model Technology ModelSim Microsemi Pro vcom 2023.1 Compiler 2023.01 Jan 24 2023
# Start time: 17:50:25 on Feb 14,2024
# vcom -reportprogress 300 -2008 -explicit -work presynth C:/Users/YanGao/Desktop/Yan/Test_ram_write/component/work/CLK_GEN_C3/CLK_GEN_C3.vhd 
# -- Loading package STANDARD
# -- Loading package TEXTIO
# -- Loading package std_logic_1164
# -- Compiling entity CLK_GEN_C3
# -- Compiling architecture RTL of CLK_GEN_C3
# End time: 17:50:26 on Feb 14,2024, Elapsed time: 0:00:01
# Errors: 0, Warnings: 0
# Model Technology ModelSim Microsemi Pro vcom 2023.1 Compiler 2023.01 Jan 24 2023
# Start time: 17:50:26 on Feb 14,2024
# vcom -reportprogress 300 -2008 -explicit -work presynth C:/Users/YanGao/Desktop/Yan/Test_ram_write/component/Actel/Simulation/RESET_GEN/1.0.1/RESET_GEN.vhd 
# -- Loading package STANDARD
# -- Loading package TEXTIO
# -- Loading package std_logic_1164
# -- Loading package std_logic_arith
# -- Compiling entity RESET_GEN
# -- Compiling architecture behavior of RESET_GEN
# End time: 17:50:26 on Feb 14,2024, Elapsed time: 0:00:00
# Errors: 0, Warnings: 0
# Model Technology ModelSim Microsemi Pro vcom 2023.1 Compiler 2023.01 Jan 24 2023
# Start time: 17:50:26 on Feb 14,2024
# vcom -reportprogress 300 -2008 -explicit -work presynth C:/Users/YanGao/Desktop/Yan/Test_ram_write/component/work/RESET_GEN_C1/RESET_GEN_C1.vhd 
# -- Loading package STANDARD
# -- Loading package TEXTIO
# -- Loading package std_logic_1164
# -- Compiling entity RESET_GEN_C1
# -- Compiling architecture RTL of RESET_GEN_C1
# End time: 17:50:26 on Feb 14,2024, Elapsed time: 0:00:00
# Errors: 0, Warnings: 0
# Model Technology ModelSim Microsemi Pro vcom 2023.1 Compiler 2023.01 Jan 24 2023
# Start time: 17:50:26 on Feb 14,2024
# vcom -reportprogress 300 -2008 -explicit -work presynth C:/Users/YanGao/Desktop/Yan/Test_ram_write/hdl/axiM_fl64_forarbiter.vhd 
# -- Loading package STANDARD
# -- Loading package TEXTIO
# -- Loading package std_logic_1164
# -- Loading package NUMERIC_STD
# -- Compiling entity aM_fl64_fa
# -- Compiling architecture architecture_aM_fl64_fa of aM_fl64_fa
# End time: 17:50:26 on Feb 14,2024, Elapsed time: 0:00:00
# Errors: 0, Warnings: 0
# Model Technology ModelSim Microsemi Pro vcom 2023.1 Compiler 2023.01 Jan 24 2023
# Start time: 17:50:26 on Feb 14,2024
# vcom -reportprogress 300 -2008 -explicit -work presynth C:/Users/YanGao/Desktop/Yan/Test_ram_write/hdl/datapacker.vhd 
# -- Loading package STANDARD
# -- Loading package TEXTIO
# -- Loading package std_logic_1164
# -- Loading package NUMERIC_STD
# -- Loading package NUMERIC_STD_UNSIGNED
# -- Compiling entity data_packer
# -- Compiling architecture Behavioral of data_packer
# End time: 17:50:26 on Feb 14,2024, Elapsed time: 0:00:00
# Errors: 0, Warnings: 0
# Model Technology ModelSim Microsemi Pro vcom 2023.1 Compiler 2023.01 Jan 24 2023
# Start time: 17:50:26 on Feb 14,2024
# vcom -reportprogress 300 -2008 -explicit -work presynth C:/Users/YanGao/Desktop/Yan/Test_ram_write/hdl/limited_counter.vhd 
# -- Loading package STANDARD
# -- Loading package TEXTIO
# -- Loading package std_logic_1164
# -- Loading package NUMERIC_STD
# -- Loading package NUMERIC_STD_UNSIGNED
# -- Compiling entity limited_counter
# -- Compiling architecture Behavioral of limited_counter
# End time: 17:50:26 on Feb 14,2024, Elapsed time: 0:00:00
# Errors: 0, Warnings: 0
# Model Technology ModelSim Microsemi Pro vcom 2023.1 Compiler 2023.01 Jan 24 2023
# Start time: 17:50:26 on Feb 14,2024
# vcom -reportprogress 300 -2008 -explicit -work presynth C:/Users/YanGao/Desktop/Yan/Test_ram_write/component/work/tb_diffclk/tb_diffclk.vhd 
# -- Loading package STANDARD
# -- Loading package TEXTIO
# -- Loading package std_logic_1164
# -- Compiling entity tb_diffclk
# -- Compiling architecture RTL of tb_diffclk
# -- Loading package NUMERIC_STD
# -- Loading entity aM_fl64_fa
# End time: 17:50:26 on Feb 14,2024, Elapsed time: 0:00:00
# Errors: 0, Warnings: 0
# vsim -L PolarFire -L presynth -L COREFIFO_LIB -L COREAXI4SRAM_LIB -t 1ps -pli "C:/Microchip/Libero_SoC_v2023.2/Designer/lib/modelsimpro/pli/pf_crypto_win_me_pli.dll" presynth.tb_diffclk 
# Start time: 17:50:26 on Feb 14,2024
# //  ModelSim Microsemi Pro 2023.1 Jan 24 2023
# //
# //  Copyright 1991-2023 Mentor Graphics Corporation
# //  All Rights Reserved.
# //
# //  ModelSim Microsemi Pro and its associated documentation contain trade
# //  secrets and commercial or financial information that are the property of
# //  Mentor Graphics Corporation and are privileged, confidential,
# //  and exempt from disclosure under the Freedom of Information Act,
# //  5 U.S.C. Section 552. Furthermore, this information
# //  is prohibited from disclosure under the Trade Secrets Act,
# //  18 U.S.C. Section 1905.
# //
# Loading std.standard
# Loading std.textio(body)
# Loading ieee.std_logic_1164(body)
# Loading ieee.numeric_std(body)
# Loading presynth.tb_diffclk(rtl)
# Loading presynth.am_fl64_fa(architecture_am_fl64_fa)
# Loading presynth.coreaxi4sram_c2(rtl)
# Loading ieee.std_logic_arith(body)
# Loading ieee.std_logic_unsigned(body)
# Loading synopsys.attributes
# Loading ieee.std_logic_misc(body)
# Loading COREAXI4SRAM_LIB.misc_pkg(body)
# Loading COREAXI4SRAM_LIB.coreaxi4sram_c2_coreaxi4sram_c2_0_coreaxi4sram(trans)
# Loading COREAXI4SRAM_LIB.coreaxi4sram_c2_coreaxi4sram_c2_0_coreaxi4sram_slvif(trans)
# Loading COREAXI4SRAM_LIB.xhdl_std_logic(body)
# Loading COREAXI4SRAM_LIB.coreaxi4sram_c2_coreaxi4sram_c2_0_coreaxi4sram_mainctrl(trans)
# Loading COREAXI4SRAM_LIB.coreaxi4sram_c2_coreaxi4sram_c2_0_coreaxi4sram_memif(trans)
# ** Warning: (vsim-3473) Component instance "U_COREAXI4SRAM_C2_COREAXI4SRAM_C2_0_ram_wrapper : COREAXI4SRAM_C2_COREAXI4SRAM_C2_0_ram_wrapper" is not bound.
#    Time: 0 ps  Iteration: 0  Instance: /tb_diffclk/COREAXI4SRAM_C2_0/COREAXI4SRAM_C2_0/U_COREAXI4SRAM_C2_COREAXI4SRAM_C2_0_CoreAXI4SRAM_MEMIF File: C:/Users/YanGao/Desktop/Yan/Test_ram_write/component/work/COREAXI4SRAM_C2/COREAXI4SRAM_C2_0/rtl/vhdl/core/CoreAXI4SRAM_MEMIF.vhd
# Loading ieee.numeric_std_unsigned(body)
# Loading presynth.data_packer(behavioral)
# Loading presynth.limited_counter(behavioral)
# Loading presynth.clk_gen_c3(rtl)
# Loading presynth.clk_gen(behave)
# Loading presynth.reset_gen_c1(rtl)
# Loading presynth.reset_gen(behavior)
# Loading presynth.clk_gen_c2(rtl)
# Loading C:/Microchip/Libero_SoC_v2023.2/Designer/lib/modelsimpro/pli/pf_crypto_win_me_pli.dll
# ** Warning: (vsim-8683) Uninitialized out port /tb_diffclk/aM_fl64_fa_0/ARADDR(31 downto 0) has no driver.
# This port will contribute value (XXXXXXXX) to the signal network.
# ** Warning: (vsim-8683) Uninitialized out port /tb_diffclk/aM_fl64_fa_0/ARSIZE(2 downto 0) has no driver.
# This port will contribute value (X) to the signal network.
# ** Warning: (vsim-8683) Uninitialized out port /tb_diffclk/aM_fl64_fa_0/ARBURST(1 downto 0) has no driver.
# This port will contribute value (X) to the signal network.
# ** Warning: (vsim-8683) Uninitialized out port /tb_diffclk/aM_fl64_fa_0/ARVALID has no driver.
# This port will contribute value (U) to the signal network.
# ** Warning: (vsim-8683) Uninitialized out port /tb_diffclk/aM_fl64_fa_0/RREADY has no driver.
# This port will contribute value (U) to the signal network.
# ** Warning: There is an 'U'|'X'|'W'|'Z'|'-' in an arithmetic operand, the result will be 'X'(es).
#    Time: 0 ps  Iteration: 0  Instance: /tb_diffclk/COREAXI4SRAM_C2_0/COREAXI4SRAM_C2_0/U_COREAXI4SRAM_C2_COREAXI4SRAM_C2_0_CoreAXI4SRAM_MAINCTRL
# ** Warning: There is an 'U'|'X'|'W'|'Z'|'-' in an arithmetic operand, the result will be 'X'(es).
#    Time: 0 ps  Iteration: 0  Instance: /tb_diffclk/COREAXI4SRAM_C2_0/COREAXI4SRAM_C2_0/U_COREAXI4SRAM_C2_COREAXI4SRAM_C2_0_CoreAXI4SRAM_MAINCTRL
# ** Warning: There is an 'U'|'X'|'W'|'Z'|'-' in an arithmetic operand, the result will be 'X'(es).
#    Time: 0 ps  Iteration: 0  Instance: /tb_diffclk/COREAXI4SRAM_C2_0/COREAXI4SRAM_C2_0/U_COREAXI4SRAM_C2_COREAXI4SRAM_C2_0_CoreAXI4SRAM_MAINCTRL
# ** Warning: There is an 'U'|'X'|'W'|'Z'|'-' in an arithmetic operand, the result will be 'X'(es).
#    Time: 0 ps  Iteration: 0  Instance: /tb_diffclk/COREAXI4SRAM_C2_0/COREAXI4SRAM_C2_0/U_COREAXI4SRAM_C2_COREAXI4SRAM_C2_0_CoreAXI4SRAM_MAINCTRL
# ** Warning: There is an 'U'|'X'|'W'|'Z'|'-' in an arithmetic operand, the result will be 'X'(es).
#    Time: 0 ps  Iteration: 0  Instance: /tb_diffclk/COREAXI4SRAM_C2_0/COREAXI4SRAM_C2_0/U_COREAXI4SRAM_C2_COREAXI4SRAM_C2_0_CoreAXI4SRAM_MAINCTRL
# ** Warning: There is an 'U'|'X'|'W'|'Z'|'-' in an arithmetic operand, the result will be 'X'(es).
#    Time: 0 ps  Iteration: 0  Instance: /tb_diffclk/COREAXI4SRAM_C2_0/COREAXI4SRAM_C2_0/U_COREAXI4SRAM_C2_COREAXI4SRAM_C2_0_CoreAXI4SRAM_MAINCTRL
# ** Warning: There is an 'U'|'X'|'W'|'Z'|'-' in an arithmetic operand, the result will be 'X'(es).
#    Time: 0 ps  Iteration: 0  Instance: /tb_diffclk/COREAXI4SRAM_C2_0/COREAXI4SRAM_C2_0/U_COREAXI4SRAM_C2_COREAXI4SRAM_C2_0_CoreAXI4SRAM_MAINCTRL
# ** Warning: There is an 'U'|'X'|'W'|'Z'|'-' in an arithmetic operand, the result will be 'X'(es).
#    Time: 0 ps  Iteration: 0  Instance: /tb_diffclk/COREAXI4SRAM_C2_0/COREAXI4SRAM_C2_0/U_COREAXI4SRAM_C2_COREAXI4SRAM_C2_0_CoreAXI4SRAM_MAINCTRL
# ** Warning: There is an 'U'|'X'|'W'|'Z'|'-' in an arithmetic operand, the result will be 'X'(es).
#    Time: 0 ps  Iteration: 0  Instance: /tb_diffclk/COREAXI4SRAM_C2_0/COREAXI4SRAM_C2_0/U_COREAXI4SRAM_C2_COREAXI4SRAM_C2_0_CoreAXI4SRAM_MAINCTRL
# ** Warning: There is an 'U'|'X'|'W'|'Z'|'-' in an arithmetic operand, the result will be 'X'(es).
#    Time: 0 ps  Iteration: 0  Instance: /tb_diffclk/COREAXI4SRAM_C2_0/COREAXI4SRAM_C2_0/U_COREAXI4SRAM_C2_COREAXI4SRAM_C2_0_CoreAXI4SRAM_MAINCTRL
# ** Warning: There is an 'U'|'X'|'W'|'Z'|'-' in an arithmetic operand, the result will be 'X'(es).
#    Time: 0 ps  Iteration: 0  Instance: /tb_diffclk/COREAXI4SRAM_C2_0/COREAXI4SRAM_C2_0/U_COREAXI4SRAM_C2_COREAXI4SRAM_C2_0_CoreAXI4SRAM_MAINCTRL
# ** Warning: There is an 'U'|'X'|'W'|'Z'|'-' in an arithmetic operand, the result will be 'X'(es).
#    Time: 0 ps  Iteration: 0  Instance: /tb_diffclk/COREAXI4SRAM_C2_0/COREAXI4SRAM_C2_0/U_COREAXI4SRAM_C2_COREAXI4SRAM_C2_0_CoreAXI4SRAM_MAINCTRL
# ** Warning: There is an 'U'|'X'|'W'|'Z'|'-' in an arithmetic operand, the result will be 'X'(es).
#    Time: 0 ps  Iteration: 0  Instance: /tb_diffclk/COREAXI4SRAM_C2_0/COREAXI4SRAM_C2_0/U_COREAXI4SRAM_C2_COREAXI4SRAM_C2_0_CoreAXI4SRAM_MAINCTRL
# ** Warning: There is an 'U'|'X'|'W'|'Z'|'-' in an arithmetic operand, the result will be 'X'(es).
#    Time: 0 ps  Iteration: 0  Instance: /tb_diffclk/COREAXI4SRAM_C2_0/COREAXI4SRAM_C2_0/U_COREAXI4SRAM_C2_COREAXI4SRAM_C2_0_CoreAXI4SRAM_MAINCTRL
# ** Warning: There is an 'U'|'X'|'W'|'Z'|'-' in an arithmetic operand, the result will be 'X'(es).
#    Time: 0 ps  Iteration: 0  Instance: /tb_diffclk/COREAXI4SRAM_C2_0/COREAXI4SRAM_C2_0/U_COREAXI4SRAM_C2_COREAXI4SRAM_C2_0_CoreAXI4SRAM_MAINCTRL
# ** Warning: There is an 'U'|'X'|'W'|'Z'|'-' in an arithmetic operand, the result will be 'X'(es).
#    Time: 0 ps  Iteration: 0  Instance: /tb_diffclk/COREAXI4SRAM_C2_0/COREAXI4SRAM_C2_0/U_COREAXI4SRAM_C2_COREAXI4SRAM_C2_0_CoreAXI4SRAM_MAINCTRL
# ** Warning: There is an 'U'|'X'|'W'|'Z'|'-' in an arithmetic operand, the result will be 'X'(es).
#    Time: 0 ps  Iteration: 0  Instance: /tb_diffclk/COREAXI4SRAM_C2_0/COREAXI4SRAM_C2_0/U_COREAXI4SRAM_C2_COREAXI4SRAM_C2_0_CoreAXI4SRAM_MAINCTRL
# ** Warning: There is an 'U'|'X'|'W'|'Z'|'-' in an arithmetic operand, the result will be 'X'(es).
#    Time: 0 ps  Iteration: 0  Instance: /tb_diffclk/COREAXI4SRAM_C2_0/COREAXI4SRAM_C2_0/U_COREAXI4SRAM_C2_COREAXI4SRAM_C2_0_CoreAXI4SRAM_MAINCTRL
# ** Warning: There is an 'U'|'X'|'W'|'Z'|'-' in an arithmetic operand, the result will be 'X'(es).
#    Time: 0 ps  Iteration: 0  Instance: /tb_diffclk/COREAXI4SRAM_C2_0/COREAXI4SRAM_C2_0/U_COREAXI4SRAM_C2_COREAXI4SRAM_C2_0_CoreAXI4SRAM_MAINCTRL
# ** Warning: There is an 'U'|'X'|'W'|'Z'|'-' in an arithmetic operand, the result will be 'X'(es).
#    Time: 0 ps  Iteration: 0  Instance: /tb_diffclk/COREAXI4SRAM_C2_0/COREAXI4SRAM_C2_0/U_COREAXI4SRAM_C2_COREAXI4SRAM_C2_0_CoreAXI4SRAM_MAINCTRL
# ** Warning: There is an 'U'|'X'|'W'|'Z'|'-' in an arithmetic operand, the result will be 'X'(es).
#    Time: 0 ps  Iteration: 0  Instance: /tb_diffclk/COREAXI4SRAM_C2_0/COREAXI4SRAM_C2_0/U_COREAXI4SRAM_C2_COREAXI4SRAM_C2_0_CoreAXI4SRAM_MAINCTRL
# ** Warning: There is an 'U'|'X'|'W'|'Z'|'-' in an arithmetic operand, the result will be 'X'(es).
#    Time: 0 ps  Iteration: 0  Region: /tb_diffclk/COREAXI4SRAM_C2_0/COREAXI4SRAM_C2_0/U_COREAXI4SRAM_C2_COREAXI4SRAM_C2_0_CoreAXI4SRAM_MAINCTRL/L7111
# ** Warning: There is an 'U'|'X'|'W'|'Z'|'-' in an arithmetic operand, the result will be 'X'(es).
#    Time: 0 ps  Iteration: 0  Region: /tb_diffclk/COREAXI4SRAM_C2_0/COREAXI4SRAM_C2_0/U_COREAXI4SRAM_C2_COREAXI4SRAM_C2_0_CoreAXI4SRAM_MAINCTRL/L7111
# ** Warning: There is an 'U'|'X'|'W'|'Z'|'-' in an arithmetic operand, the result will be 'X'(es).
#    Time: 0 ps  Iteration: 0  Region: /tb_diffclk/COREAXI4SRAM_C2_0/COREAXI4SRAM_C2_0/U_COREAXI4SRAM_C2_COREAXI4SRAM_C2_0_CoreAXI4SRAM_MAINCTRL/L7111
# ** Warning: There is an 'U'|'X'|'W'|'Z'|'-' in an arithmetic operand, the result will be 'X'(es).
#    Time: 0 ps  Iteration: 0  Instance: /tb_diffclk/COREAXI4SRAM_C2_0/COREAXI4SRAM_C2_0/U_COREAXI4SRAM_C2_COREAXI4SRAM_C2_0_CoreAXI4SRAM_MAINCTRL
# ** Warning: There is an 'U'|'X'|'W'|'Z'|'-' in an arithmetic operand, the result will be 'X'(es).
#    Time: 0 ps  Iteration: 0  Instance: /tb_diffclk/COREAXI4SRAM_C2_0/COREAXI4SRAM_C2_0/U_COREAXI4SRAM_C2_COREAXI4SRAM_C2_0_CoreAXI4SRAM_MAINCTRL
# ** Warning: There is an 'U'|'X'|'W'|'Z'|'-' in an arithmetic operand, the result will be 'X'(es).
#    Time: 0 ps  Iteration: 0  Instance: /tb_diffclk/COREAXI4SRAM_C2_0/COREAXI4SRAM_C2_0/U_COREAXI4SRAM_C2_COREAXI4SRAM_C2_0_CoreAXI4SRAM_MAINCTRL
# ** Warning: There is an 'U'|'X'|'W'|'Z'|'-' in an arithmetic operand, the result will be 'X'(es).
#    Time: 0 ps  Iteration: 0  Instance: /tb_diffclk/COREAXI4SRAM_C2_0/COREAXI4SRAM_C2_0/U_COREAXI4SRAM_C2_COREAXI4SRAM_C2_0_CoreAXI4SRAM_MAINCTRL
# ** Warning: There is an 'U'|'X'|'W'|'Z'|'-' in an arithmetic operand, the result will be 'X'(es).
#    Time: 0 ps  Iteration: 0  Instance: /tb_diffclk/COREAXI4SRAM_C2_0/COREAXI4SRAM_C2_0/U_COREAXI4SRAM_C2_COREAXI4SRAM_C2_0_CoreAXI4SRAM_MAINCTRL
# ** Warning: There is an 'U'|'X'|'W'|'Z'|'-' in an arithmetic operand, the result will be 'X'(es).
#    Time: 0 ps  Iteration: 0  Instance: /tb_diffclk/COREAXI4SRAM_C2_0/COREAXI4SRAM_C2_0/U_COREAXI4SRAM_C2_COREAXI4SRAM_C2_0_CoreAXI4SRAM_MAINCTRL
# ** Warning: There is an 'U'|'X'|'W'|'Z'|'-' in an arithmetic operand, the result will be 'X'(es).
#    Time: 0 ps  Iteration: 0  Instance: /tb_diffclk/COREAXI4SRAM_C2_0/COREAXI4SRAM_C2_0/U_COREAXI4SRAM_C2_COREAXI4SRAM_C2_0_CoreAXI4SRAM_MAINCTRL
# ** Warning: There is an 'U'|'X'|'W'|'Z'|'-' in an arithmetic operand, the result will be 'X'(es).
#    Time: 0 ps  Iteration: 0  Instance: /tb_diffclk/COREAXI4SRAM_C2_0/COREAXI4SRAM_C2_0/U_COREAXI4SRAM_C2_COREAXI4SRAM_C2_0_CoreAXI4SRAM_MAINCTRL
# ** Warning: There is an 'U'|'X'|'W'|'Z'|'-' in an arithmetic operand, the result will be 'X'(es).
#    Time: 0 ps  Iteration: 0  Instance: /tb_diffclk/COREAXI4SRAM_C2_0/COREAXI4SRAM_C2_0/U_COREAXI4SRAM_C2_COREAXI4SRAM_C2_0_CoreAXI4SRAM_MAINCTRL
# ** Warning: There is an 'U'|'X'|'W'|'Z'|'-' in an arithmetic operand, the result will be 'X'(es).
#    Time: 0 ps  Iteration: 0  Instance: /tb_diffclk/COREAXI4SRAM_C2_0/COREAXI4SRAM_C2_0/U_COREAXI4SRAM_C2_COREAXI4SRAM_C2_0_CoreAXI4SRAM_MAINCTRL
# ** Warning: There is an 'U'|'X'|'W'|'Z'|'-' in an arithmetic operand, the result will be 'X'(es).
#    Time: 0 ps  Iteration: 1  Instance: /tb_diffclk/COREAXI4SRAM_C2_0/COREAXI4SRAM_C2_0/U_COREAXI4SRAM_C2_COREAXI4SRAM_C2_0_CoreAXI4SRAM_MAINCTRL
# ** Warning: There is an 'U'|'X'|'W'|'Z'|'-' in an arithmetic operand, the result will be 'X'(es).
#    Time: 0 ps  Iteration: 1  Instance: /tb_diffclk/COREAXI4SRAM_C2_0/COREAXI4SRAM_C2_0/U_COREAXI4SRAM_C2_COREAXI4SRAM_C2_0_CoreAXI4SRAM_MAINCTRL
# ** Warning: There is an 'U'|'X'|'W'|'Z'|'-' in an arithmetic operand, the result will be 'X'(es).
#    Time: 0 ps  Iteration: 1  Instance: /tb_diffclk/COREAXI4SRAM_C2_0/COREAXI4SRAM_C2_0/U_COREAXI4SRAM_C2_COREAXI4SRAM_C2_0_CoreAXI4SRAM_MAINCTRL
# ** Warning: There is an 'U'|'X'|'W'|'Z'|'-' in an arithmetic operand, the result will be 'X'(es).
#    Time: 0 ps  Iteration: 1  Instance: /tb_diffclk/COREAXI4SRAM_C2_0/COREAXI4SRAM_C2_0/U_COREAXI4SRAM_C2_COREAXI4SRAM_C2_0_CoreAXI4SRAM_MAINCTRL
# ** Warning: There is an 'U'|'X'|'W'|'Z'|'-' in an arithmetic operand, the result will be 'X'(es).
#    Time: 0 ps  Iteration: 1  Instance: /tb_diffclk/COREAXI4SRAM_C2_0/COREAXI4SRAM_C2_0/U_COREAXI4SRAM_C2_COREAXI4SRAM_C2_0_CoreAXI4SRAM_MAINCTRL
# ** Warning: There is an 'U'|'X'|'W'|'Z'|'-' in an arithmetic operand, the result will be 'X'(es).
#    Time: 0 ps  Iteration: 1  Instance: /tb_diffclk/COREAXI4SRAM_C2_0/COREAXI4SRAM_C2_0/U_COREAXI4SRAM_C2_COREAXI4SRAM_C2_0_CoreAXI4SRAM_MAINCTRL
# ** Warning: There is an 'U'|'X'|'W'|'Z'|'-' in an arithmetic operand, the result will be 'X'(es).
#    Time: 0 ps  Iteration: 1  Instance: /tb_diffclk/COREAXI4SRAM_C2_0/COREAXI4SRAM_C2_0/U_COREAXI4SRAM_C2_COREAXI4SRAM_C2_0_CoreAXI4SRAM_MAINCTRL
# ** Warning: There is an 'U'|'X'|'W'|'Z'|'-' in an arithmetic operand, the result will be 'X'(es).
#    Time: 0 ps  Iteration: 1  Instance: /tb_diffclk/COREAXI4SRAM_C2_0/COREAXI4SRAM_C2_0/U_COREAXI4SRAM_C2_COREAXI4SRAM_C2_0_CoreAXI4SRAM_MAINCTRL
# ** Warning: There is an 'U'|'X'|'W'|'Z'|'-' in an arithmetic operand, the result will be 'X'(es).
#    Time: 0 ps  Iteration: 1  Instance: /tb_diffclk/COREAXI4SRAM_C2_0/COREAXI4SRAM_C2_0/U_COREAXI4SRAM_C2_COREAXI4SRAM_C2_0_CoreAXI4SRAM_MAINCTRL
# ** Warning: There is an 'U'|'X'|'W'|'Z'|'-' in an arithmetic operand, the result will be 'X'(es).
#    Time: 0 ps  Iteration: 1  Instance: /tb_diffclk/COREAXI4SRAM_C2_0/COREAXI4SRAM_C2_0/U_COREAXI4SRAM_C2_COREAXI4SRAM_C2_0_CoreAXI4SRAM_MAINCTRL
# ** Warning: There is an 'U'|'X'|'W'|'Z'|'-' in an arithmetic operand, the result will be 'X'(es).
#    Time: 0 ps  Iteration: 1  Instance: /tb_diffclk/COREAXI4SRAM_C2_0/COREAXI4SRAM_C2_0/U_COREAXI4SRAM_C2_COREAXI4SRAM_C2_0_CoreAXI4SRAM_MAINCTRL
# ** Warning: There is an 'U'|'X'|'W'|'Z'|'-' in an arithmetic operand, the result will be 'X'(es).
#    Time: 0 ps  Iteration: 2  Instance: /tb_diffclk/COREAXI4SRAM_C2_0/COREAXI4SRAM_C2_0/U_COREAXI4SRAM_C2_COREAXI4SRAM_C2_0_CoreAXI4SRAM_MAINCTRL
# ** Warning: There is an 'U'|'X'|'W'|'Z'|'-' in an arithmetic operand, the result will be 'X'(es).
#    Time: 0 ps  Iteration: 2  Instance: /tb_diffclk/COREAXI4SRAM_C2_0/COREAXI4SRAM_C2_0/U_COREAXI4SRAM_C2_COREAXI4SRAM_C2_0_CoreAXI4SRAM_MAINCTRL
# ** Warning: There is an 'U'|'X'|'W'|'Z'|'-' in an arithmetic operand, the result will be 'X'(es).
#    Time: 0 ps  Iteration: 2  Instance: /tb_diffclk/COREAXI4SRAM_C2_0/COREAXI4SRAM_C2_0/U_COREAXI4SRAM_C2_COREAXI4SRAM_C2_0_CoreAXI4SRAM_MAINCTRL
# ** Warning: There is an 'U'|'X'|'W'|'Z'|'-' in an arithmetic operand, the result will be 'X'(es).
#    Time: 0 ps  Iteration: 2  Instance: /tb_diffclk/COREAXI4SRAM_C2_0/COREAXI4SRAM_C2_0/U_COREAXI4SRAM_C2_COREAXI4SRAM_C2_0_CoreAXI4SRAM_MAINCTRL
# ** Warning: There is an 'U'|'X'|'W'|'Z'|'-' in an arithmetic operand, the result will be 'X'(es).
#    Time: 0 ps  Iteration: 2  Instance: /tb_diffclk/COREAXI4SRAM_C2_0/COREAXI4SRAM_C2_0/U_COREAXI4SRAM_C2_COREAXI4SRAM_C2_0_CoreAXI4SRAM_MAINCTRL
# ** Warning: There is an 'U'|'X'|'W'|'Z'|'-' in an arithmetic operand, the result will be 'X'(es).
#    Time: 0 ps  Iteration: 4  Instance: /tb_diffclk/COREAXI4SRAM_C2_0/COREAXI4SRAM_C2_0/U_COREAXI4SRAM_C2_COREAXI4SRAM_C2_0_CoreAXI4SRAM_MAINCTRL
# ** Warning: There is an 'U'|'X'|'W'|'Z'|'-' in an arithmetic operand, the result will be 'X'(es).
#    Time: 0 ps  Iteration: 4  Instance: /tb_diffclk/COREAXI4SRAM_C2_0/COREAXI4SRAM_C2_0/U_COREAXI4SRAM_C2_COREAXI4SRAM_C2_0_CoreAXI4SRAM_MAINCTRL
# ** Warning: There is an 'U'|'X'|'W'|'Z'|'-' in an arithmetic operand, the result will be 'X'(es).
#    Time: 0 ps  Iteration: 4  Instance: /tb_diffclk/COREAXI4SRAM_C2_0/COREAXI4SRAM_C2_0/U_COREAXI4SRAM_C2_COREAXI4SRAM_C2_0_CoreAXI4SRAM_MAINCTRL
# ** Warning: There is an 'U'|'X'|'W'|'Z'|'-' in an arithmetic operand, the result will be 'X'(es).
#    Time: 0 ps  Iteration: 4  Instance: /tb_diffclk/COREAXI4SRAM_C2_0/COREAXI4SRAM_C2_0/U_COREAXI4SRAM_C2_COREAXI4SRAM_C2_0_CoreAXI4SRAM_MAINCTRL
# ** Warning: There is an 'U'|'X'|'W'|'Z'|'-' in an arithmetic operand, the result will be 'X'(es).
#    Time: 0 ps  Iteration: 4  Instance: /tb_diffclk/COREAXI4SRAM_C2_0/COREAXI4SRAM_C2_0/U_COREAXI4SRAM_C2_COREAXI4SRAM_C2_0_CoreAXI4SRAM_MAINCTRL
# ** Warning: There is an 'U'|'X'|'W'|'Z'|'-' in an arithmetic operand, the result will be 'X'(es).
#    Time: 0 ps  Iteration: 4  Instance: /tb_diffclk/COREAXI4SRAM_C2_0/COREAXI4SRAM_C2_0/U_COREAXI4SRAM_C2_COREAXI4SRAM_C2_0_CoreAXI4SRAM_MAINCTRL
# ** Warning: There is an 'U'|'X'|'W'|'Z'|'-' in an arithmetic operand, the result will be 'X'(es).
#    Time: 0 ps  Iteration: 4  Instance: /tb_diffclk/COREAXI4SRAM_C2_0/COREAXI4SRAM_C2_0/U_COREAXI4SRAM_C2_COREAXI4SRAM_C2_0_CoreAXI4SRAM_MAINCTRL
# ** Warning: There is an 'U'|'X'|'W'|'Z'|'-' in an arithmetic operand, the result will be 'X'(es).
#    Time: 0 ps  Iteration: 4  Instance: /tb_diffclk/COREAXI4SRAM_C2_0/COREAXI4SRAM_C2_0/U_COREAXI4SRAM_C2_COREAXI4SRAM_C2_0_CoreAXI4SRAM_MAINCTRL
# ** Warning: There is an 'U'|'X'|'W'|'Z'|'-' in an arithmetic operand, the result will be 'X'(es).
#    Time: 0 ps  Iteration: 4  Instance: /tb_diffclk/COREAXI4SRAM_C2_0/COREAXI4SRAM_C2_0/U_COREAXI4SRAM_C2_COREAXI4SRAM_C2_0_CoreAXI4SRAM_MAINCTRL
# ** Warning: There is an 'U'|'X'|'W'|'Z'|'-' in an arithmetic operand, the result will be 'X'(es).
#    Time: 0 ps  Iteration: 4  Instance: /tb_diffclk/COREAXI4SRAM_C2_0/COREAXI4SRAM_C2_0/U_COREAXI4SRAM_C2_COREAXI4SRAM_C2_0_CoreAXI4SRAM_MAINCTRL
add wave -position end  sim:/tb_diffclk/aM_fl64_fa_0/i_clk
add wave -position end  sim:/tb_diffclk/aM_fl64_fa_0/i_start_write
add wave -position end  sim:/tb_diffclk/aM_fl64_fa_0/AWADDR
add wave -position end  sim:/tb_diffclk/aM_fl64_fa_0/WDATA
add wave -position end  sim:/tb_diffclk/aM_fl64_fa_0/AWVALID
add wave -position end  sim:/tb_diffclk/aM_fl64_fa_0/AWREADY
add wave -position end  sim:/tb_diffclk/aM_fl64_fa_0/WVALID
add wave -position end  sim:/tb_diffclk/aM_fl64_fa_0/WREADY
add wave -position end  sim:/tb_diffclk/aM_fl64_fa_0/BVALID
add wave -position end  sim:/tb_diffclk/aM_fl64_fa_0/BREADY
add wave -position end  sim:/tb_diffclk/aM_fl64_fa_0/write_fsm_state
restart
# ** Note: (vsim-12125) Error and warning message counts have been reset to '0' because of 'restart'.
# ** Warning: (vsim-3473) Component instance "U_COREAXI4SRAM_C2_COREAXI4SRAM_C2_0_ram_wrapper : COREAXI4SRAM_C2_COREAXI4SRAM_C2_0_ram_wrapper" is not bound.
#    Time: 0 ps  Iteration: 0  Instance: /tb_diffclk/COREAXI4SRAM_C2_0/COREAXI4SRAM_C2_0/U_COREAXI4SRAM_C2_COREAXI4SRAM_C2_0_CoreAXI4SRAM_MEMIF File: C:/Users/YanGao/Desktop/Yan/Test_ram_write/component/work/COREAXI4SRAM_C2/COREAXI4SRAM_C2_0/rtl/vhdl/core/CoreAXI4SRAM_MEMIF.vhd
# Loading C:/Microchip/Libero_SoC_v2023.2/Designer/lib/modelsimpro/pli/pf_crypto_win_me_pli.dll
# ** Warning: (vsim-8683) Uninitialized out port /tb_diffclk/aM_fl64_fa_0/ARADDR(31 downto 0) has no driver.
# This port will contribute value (XXXXXXXX) to the signal network.
# ** Warning: (vsim-8683) Uninitialized out port /tb_diffclk/aM_fl64_fa_0/ARSIZE(2 downto 0) has no driver.
# This port will contribute value (X) to the signal network.
# ** Warning: (vsim-8683) Uninitialized out port /tb_diffclk/aM_fl64_fa_0/ARBURST(1 downto 0) has no driver.
# This port will contribute value (X) to the signal network.
# ** Warning: (vsim-8683) Uninitialized out port /tb_diffclk/aM_fl64_fa_0/ARVALID has no driver.
# This port will contribute value (U) to the signal network.
# ** Warning: (vsim-8683) Uninitialized out port /tb_diffclk/aM_fl64_fa_0/RREADY has no driver.
# This port will contribute value (U) to the signal network.
run
# ** Warning: There is an 'U'|'X'|'W'|'Z'|'-' in an arithmetic operand, the result will be 'X'(es).
#    Time: 0 ps  Iteration: 0  Instance: /tb_diffclk/COREAXI4SRAM_C2_0/COREAXI4SRAM_C2_0/U_COREAXI4SRAM_C2_COREAXI4SRAM_C2_0_CoreAXI4SRAM_MAINCTRL
# ** Warning: There is an 'U'|'X'|'W'|'Z'|'-' in an arithmetic operand, the result will be 'X'(es).
#    Time: 0 ps  Iteration: 0  Instance: /tb_diffclk/COREAXI4SRAM_C2_0/COREAXI4SRAM_C2_0/U_COREAXI4SRAM_C2_COREAXI4SRAM_C2_0_CoreAXI4SRAM_MAINCTRL
# ** Warning: There is an 'U'|'X'|'W'|'Z'|'-' in an arithmetic operand, the result will be 'X'(es).
#    Time: 0 ps  Iteration: 0  Instance: /tb_diffclk/COREAXI4SRAM_C2_0/COREAXI4SRAM_C2_0/U_COREAXI4SRAM_C2_COREAXI4SRAM_C2_0_CoreAXI4SRAM_MAINCTRL
# ** Warning: There is an 'U'|'X'|'W'|'Z'|'-' in an arithmetic operand, the result will be 'X'(es).
#    Time: 0 ps  Iteration: 0  Instance: /tb_diffclk/COREAXI4SRAM_C2_0/COREAXI4SRAM_C2_0/U_COREAXI4SRAM_C2_COREAXI4SRAM_C2_0_CoreAXI4SRAM_MAINCTRL
# ** Warning: There is an 'U'|'X'|'W'|'Z'|'-' in an arithmetic operand, the result will be 'X'(es).
#    Time: 0 ps  Iteration: 0  Instance: /tb_diffclk/COREAXI4SRAM_C2_0/COREAXI4SRAM_C2_0/U_COREAXI4SRAM_C2_COREAXI4SRAM_C2_0_CoreAXI4SRAM_MAINCTRL
# ** Warning: There is an 'U'|'X'|'W'|'Z'|'-' in an arithmetic operand, the result will be 'X'(es).
#    Time: 0 ps  Iteration: 0  Instance: /tb_diffclk/COREAXI4SRAM_C2_0/COREAXI4SRAM_C2_0/U_COREAXI4SRAM_C2_COREAXI4SRAM_C2_0_CoreAXI4SRAM_MAINCTRL
# ** Warning: There is an 'U'|'X'|'W'|'Z'|'-' in an arithmetic operand, the result will be 'X'(es).
#    Time: 0 ps  Iteration: 0  Instance: /tb_diffclk/COREAXI4SRAM_C2_0/COREAXI4SRAM_C2_0/U_COREAXI4SRAM_C2_COREAXI4SRAM_C2_0_CoreAXI4SRAM_MAINCTRL
# ** Warning: There is an 'U'|'X'|'W'|'Z'|'-' in an arithmetic operand, the result will be 'X'(es).
#    Time: 0 ps  Iteration: 0  Instance: /tb_diffclk/COREAXI4SRAM_C2_0/COREAXI4SRAM_C2_0/U_COREAXI4SRAM_C2_COREAXI4SRAM_C2_0_CoreAXI4SRAM_MAINCTRL
# ** Warning: There is an 'U'|'X'|'W'|'Z'|'-' in an arithmetic operand, the result will be 'X'(es).
#    Time: 0 ps  Iteration: 0  Instance: /tb_diffclk/COREAXI4SRAM_C2_0/COREAXI4SRAM_C2_0/U_COREAXI4SRAM_C2_COREAXI4SRAM_C2_0_CoreAXI4SRAM_MAINCTRL
# ** Warning: There is an 'U'|'X'|'W'|'Z'|'-' in an arithmetic operand, the result will be 'X'(es).
#    Time: 0 ps  Iteration: 0  Instance: /tb_diffclk/COREAXI4SRAM_C2_0/COREAXI4SRAM_C2_0/U_COREAXI4SRAM_C2_COREAXI4SRAM_C2_0_CoreAXI4SRAM_MAINCTRL
# ** Warning: There is an 'U'|'X'|'W'|'Z'|'-' in an arithmetic operand, the result will be 'X'(es).
#    Time: 0 ps  Iteration: 0  Instance: /tb_diffclk/COREAXI4SRAM_C2_0/COREAXI4SRAM_C2_0/U_COREAXI4SRAM_C2_COREAXI4SRAM_C2_0_CoreAXI4SRAM_MAINCTRL
# ** Warning: There is an 'U'|'X'|'W'|'Z'|'-' in an arithmetic operand, the result will be 'X'(es).
#    Time: 0 ps  Iteration: 0  Instance: /tb_diffclk/COREAXI4SRAM_C2_0/COREAXI4SRAM_C2_0/U_COREAXI4SRAM_C2_COREAXI4SRAM_C2_0_CoreAXI4SRAM_MAINCTRL
# ** Warning: There is an 'U'|'X'|'W'|'Z'|'-' in an arithmetic operand, the result will be 'X'(es).
#    Time: 0 ps  Iteration: 0  Instance: /tb_diffclk/COREAXI4SRAM_C2_0/COREAXI4SRAM_C2_0/U_COREAXI4SRAM_C2_COREAXI4SRAM_C2_0_CoreAXI4SRAM_MAINCTRL
# ** Warning: There is an 'U'|'X'|'W'|'Z'|'-' in an arithmetic operand, the result will be 'X'(es).
#    Time: 0 ps  Iteration: 0  Instance: /tb_diffclk/COREAXI4SRAM_C2_0/COREAXI4SRAM_C2_0/U_COREAXI4SRAM_C2_COREAXI4SRAM_C2_0_CoreAXI4SRAM_MAINCTRL
# ** Warning: There is an 'U'|'X'|'W'|'Z'|'-' in an arithmetic operand, the result will be 'X'(es).
#    Time: 0 ps  Iteration: 0  Instance: /tb_diffclk/COREAXI4SRAM_C2_0/COREAXI4SRAM_C2_0/U_COREAXI4SRAM_C2_COREAXI4SRAM_C2_0_CoreAXI4SRAM_MAINCTRL
# ** Warning: There is an 'U'|'X'|'W'|'Z'|'-' in an arithmetic operand, the result will be 'X'(es).
#    Time: 0 ps  Iteration: 0  Instance: /tb_diffclk/COREAXI4SRAM_C2_0/COREAXI4SRAM_C2_0/U_COREAXI4SRAM_C2_COREAXI4SRAM_C2_0_CoreAXI4SRAM_MAINCTRL
# ** Warning: There is an 'U'|'X'|'W'|'Z'|'-' in an arithmetic operand, the result will be 'X'(es).
#    Time: 0 ps  Iteration: 0  Instance: /tb_diffclk/COREAXI4SRAM_C2_0/COREAXI4SRAM_C2_0/U_COREAXI4SRAM_C2_COREAXI4SRAM_C2_0_CoreAXI4SRAM_MAINCTRL
# ** Warning: There is an 'U'|'X'|'W'|'Z'|'-' in an arithmetic operand, the result will be 'X'(es).
#    Time: 0 ps  Iteration: 0  Instance: /tb_diffclk/COREAXI4SRAM_C2_0/COREAXI4SRAM_C2_0/U_COREAXI4SRAM_C2_COREAXI4SRAM_C2_0_CoreAXI4SRAM_MAINCTRL
# ** Warning: There is an 'U'|'X'|'W'|'Z'|'-' in an arithmetic operand, the result will be 'X'(es).
#    Time: 0 ps  Iteration: 0  Instance: /tb_diffclk/COREAXI4SRAM_C2_0/COREAXI4SRAM_C2_0/U_COREAXI4SRAM_C2_COREAXI4SRAM_C2_0_CoreAXI4SRAM_MAINCTRL
# ** Warning: There is an 'U'|'X'|'W'|'Z'|'-' in an arithmetic operand, the result will be 'X'(es).
#    Time: 0 ps  Iteration: 0  Instance: /tb_diffclk/COREAXI4SRAM_C2_0/COREAXI4SRAM_C2_0/U_COREAXI4SRAM_C2_COREAXI4SRAM_C2_0_CoreAXI4SRAM_MAINCTRL
# ** Warning: There is an 'U'|'X'|'W'|'Z'|'-' in an arithmetic operand, the result will be 'X'(es).
#    Time: 0 ps  Iteration: 0  Instance: /tb_diffclk/COREAXI4SRAM_C2_0/COREAXI4SRAM_C2_0/U_COREAXI4SRAM_C2_COREAXI4SRAM_C2_0_CoreAXI4SRAM_MAINCTRL
# ** Warning: There is an 'U'|'X'|'W'|'Z'|'-' in an arithmetic operand, the result will be 'X'(es).
#    Time: 0 ps  Iteration: 0  Region: /tb_diffclk/COREAXI4SRAM_C2_0/COREAXI4SRAM_C2_0/U_COREAXI4SRAM_C2_COREAXI4SRAM_C2_0_CoreAXI4SRAM_MAINCTRL/L7111
# ** Warning: There is an 'U'|'X'|'W'|'Z'|'-' in an arithmetic operand, the result will be 'X'(es).
#    Time: 0 ps  Iteration: 0  Region: /tb_diffclk/COREAXI4SRAM_C2_0/COREAXI4SRAM_C2_0/U_COREAXI4SRAM_C2_COREAXI4SRAM_C2_0_CoreAXI4SRAM_MAINCTRL/L7111
# ** Warning: There is an 'U'|'X'|'W'|'Z'|'-' in an arithmetic operand, the result will be 'X'(es).
#    Time: 0 ps  Iteration: 0  Region: /tb_diffclk/COREAXI4SRAM_C2_0/COREAXI4SRAM_C2_0/U_COREAXI4SRAM_C2_COREAXI4SRAM_C2_0_CoreAXI4SRAM_MAINCTRL/L7111
# ** Warning: There is an 'U'|'X'|'W'|'Z'|'-' in an arithmetic operand, the result will be 'X'(es).
#    Time: 0 ps  Iteration: 0  Instance: /tb_diffclk/COREAXI4SRAM_C2_0/COREAXI4SRAM_C2_0/U_COREAXI4SRAM_C2_COREAXI4SRAM_C2_0_CoreAXI4SRAM_MAINCTRL
# ** Warning: There is an 'U'|'X'|'W'|'Z'|'-' in an arithmetic operand, the result will be 'X'(es).
#    Time: 0 ps  Iteration: 0  Instance: /tb_diffclk/COREAXI4SRAM_C2_0/COREAXI4SRAM_C2_0/U_COREAXI4SRAM_C2_COREAXI4SRAM_C2_0_CoreAXI4SRAM_MAINCTRL
# ** Warning: There is an 'U'|'X'|'W'|'Z'|'-' in an arithmetic operand, the result will be 'X'(es).
#    Time: 0 ps  Iteration: 0  Instance: /tb_diffclk/COREAXI4SRAM_C2_0/COREAXI4SRAM_C2_0/U_COREAXI4SRAM_C2_COREAXI4SRAM_C2_0_CoreAXI4SRAM_MAINCTRL
# ** Warning: There is an 'U'|'X'|'W'|'Z'|'-' in an arithmetic operand, the result will be 'X'(es).
#    Time: 0 ps  Iteration: 0  Instance: /tb_diffclk/COREAXI4SRAM_C2_0/COREAXI4SRAM_C2_0/U_COREAXI4SRAM_C2_COREAXI4SRAM_C2_0_CoreAXI4SRAM_MAINCTRL
# ** Warning: There is an 'U'|'X'|'W'|'Z'|'-' in an arithmetic operand, the result will be 'X'(es).
#    Time: 0 ps  Iteration: 0  Instance: /tb_diffclk/COREAXI4SRAM_C2_0/COREAXI4SRAM_C2_0/U_COREAXI4SRAM_C2_COREAXI4SRAM_C2_0_CoreAXI4SRAM_MAINCTRL
# ** Warning: There is an 'U'|'X'|'W'|'Z'|'-' in an arithmetic operand, the result will be 'X'(es).
#    Time: 0 ps  Iteration: 0  Instance: /tb_diffclk/COREAXI4SRAM_C2_0/COREAXI4SRAM_C2_0/U_COREAXI4SRAM_C2_COREAXI4SRAM_C2_0_CoreAXI4SRAM_MAINCTRL
# ** Warning: There is an 'U'|'X'|'W'|'Z'|'-' in an arithmetic operand, the result will be 'X'(es).
#    Time: 0 ps  Iteration: 0  Instance: /tb_diffclk/COREAXI4SRAM_C2_0/COREAXI4SRAM_C2_0/U_COREAXI4SRAM_C2_COREAXI4SRAM_C2_0_CoreAXI4SRAM_MAINCTRL
# ** Warning: There is an 'U'|'X'|'W'|'Z'|'-' in an arithmetic operand, the result will be 'X'(es).
#    Time: 0 ps  Iteration: 0  Instance: /tb_diffclk/COREAXI4SRAM_C2_0/COREAXI4SRAM_C2_0/U_COREAXI4SRAM_C2_COREAXI4SRAM_C2_0_CoreAXI4SRAM_MAINCTRL
# ** Warning: There is an 'U'|'X'|'W'|'Z'|'-' in an arithmetic operand, the result will be 'X'(es).
#    Time: 0 ps  Iteration: 0  Instance: /tb_diffclk/COREAXI4SRAM_C2_0/COREAXI4SRAM_C2_0/U_COREAXI4SRAM_C2_COREAXI4SRAM_C2_0_CoreAXI4SRAM_MAINCTRL
# ** Warning: There is an 'U'|'X'|'W'|'Z'|'-' in an arithmetic operand, the result will be 'X'(es).
#    Time: 0 ps  Iteration: 0  Instance: /tb_diffclk/COREAXI4SRAM_C2_0/COREAXI4SRAM_C2_0/U_COREAXI4SRAM_C2_COREAXI4SRAM_C2_0_CoreAXI4SRAM_MAINCTRL
# ** Warning: There is an 'U'|'X'|'W'|'Z'|'-' in an arithmetic operand, the result will be 'X'(es).
#    Time: 0 ps  Iteration: 1  Instance: /tb_diffclk/COREAXI4SRAM_C2_0/COREAXI4SRAM_C2_0/U_COREAXI4SRAM_C2_COREAXI4SRAM_C2_0_CoreAXI4SRAM_MAINCTRL
# ** Warning: There is an 'U'|'X'|'W'|'Z'|'-' in an arithmetic operand, the result will be 'X'(es).
#    Time: 0 ps  Iteration: 1  Instance: /tb_diffclk/COREAXI4SRAM_C2_0/COREAXI4SRAM_C2_0/U_COREAXI4SRAM_C2_COREAXI4SRAM_C2_0_CoreAXI4SRAM_MAINCTRL
# ** Warning: There is an 'U'|'X'|'W'|'Z'|'-' in an arithmetic operand, the result will be 'X'(es).
#    Time: 0 ps  Iteration: 1  Instance: /tb_diffclk/COREAXI4SRAM_C2_0/COREAXI4SRAM_C2_0/U_COREAXI4SRAM_C2_COREAXI4SRAM_C2_0_CoreAXI4SRAM_MAINCTRL
# ** Warning: There is an 'U'|'X'|'W'|'Z'|'-' in an arithmetic operand, the result will be 'X'(es).
#    Time: 0 ps  Iteration: 1  Instance: /tb_diffclk/COREAXI4SRAM_C2_0/COREAXI4SRAM_C2_0/U_COREAXI4SRAM_C2_COREAXI4SRAM_C2_0_CoreAXI4SRAM_MAINCTRL
# ** Warning: There is an 'U'|'X'|'W'|'Z'|'-' in an arithmetic operand, the result will be 'X'(es).
#    Time: 0 ps  Iteration: 1  Instance: /tb_diffclk/COREAXI4SRAM_C2_0/COREAXI4SRAM_C2_0/U_COREAXI4SRAM_C2_COREAXI4SRAM_C2_0_CoreAXI4SRAM_MAINCTRL
# ** Warning: There is an 'U'|'X'|'W'|'Z'|'-' in an arithmetic operand, the result will be 'X'(es).
#    Time: 0 ps  Iteration: 1  Instance: /tb_diffclk/COREAXI4SRAM_C2_0/COREAXI4SRAM_C2_0/U_COREAXI4SRAM_C2_COREAXI4SRAM_C2_0_CoreAXI4SRAM_MAINCTRL
# ** Warning: There is an 'U'|'X'|'W'|'Z'|'-' in an arithmetic operand, the result will be 'X'(es).
#    Time: 0 ps  Iteration: 1  Instance: /tb_diffclk/COREAXI4SRAM_C2_0/COREAXI4SRAM_C2_0/U_COREAXI4SRAM_C2_COREAXI4SRAM_C2_0_CoreAXI4SRAM_MAINCTRL
# ** Warning: There is an 'U'|'X'|'W'|'Z'|'-' in an arithmetic operand, the result will be 'X'(es).
#    Time: 0 ps  Iteration: 1  Instance: /tb_diffclk/COREAXI4SRAM_C2_0/COREAXI4SRAM_C2_0/U_COREAXI4SRAM_C2_COREAXI4SRAM_C2_0_CoreAXI4SRAM_MAINCTRL
# ** Warning: There is an 'U'|'X'|'W'|'Z'|'-' in an arithmetic operand, the result will be 'X'(es).
#    Time: 0 ps  Iteration: 1  Instance: /tb_diffclk/COREAXI4SRAM_C2_0/COREAXI4SRAM_C2_0/U_COREAXI4SRAM_C2_COREAXI4SRAM_C2_0_CoreAXI4SRAM_MAINCTRL
# ** Warning: There is an 'U'|'X'|'W'|'Z'|'-' in an arithmetic operand, the result will be 'X'(es).
#    Time: 0 ps  Iteration: 1  Instance: /tb_diffclk/COREAXI4SRAM_C2_0/COREAXI4SRAM_C2_0/U_COREAXI4SRAM_C2_COREAXI4SRAM_C2_0_CoreAXI4SRAM_MAINCTRL
# ** Warning: There is an 'U'|'X'|'W'|'Z'|'-' in an arithmetic operand, the result will be 'X'(es).
#    Time: 0 ps  Iteration: 1  Instance: /tb_diffclk/COREAXI4SRAM_C2_0/COREAXI4SRAM_C2_0/U_COREAXI4SRAM_C2_COREAXI4SRAM_C2_0_CoreAXI4SRAM_MAINCTRL
# ** Warning: There is an 'U'|'X'|'W'|'Z'|'-' in an arithmetic operand, the result will be 'X'(es).
#    Time: 0 ps  Iteration: 2  Instance: /tb_diffclk/COREAXI4SRAM_C2_0/COREAXI4SRAM_C2_0/U_COREAXI4SRAM_C2_COREAXI4SRAM_C2_0_CoreAXI4SRAM_MAINCTRL
# ** Warning: There is an 'U'|'X'|'W'|'Z'|'-' in an arithmetic operand, the result will be 'X'(es).
#    Time: 0 ps  Iteration: 2  Instance: /tb_diffclk/COREAXI4SRAM_C2_0/COREAXI4SRAM_C2_0/U_COREAXI4SRAM_C2_COREAXI4SRAM_C2_0_CoreAXI4SRAM_MAINCTRL
# ** Warning: There is an 'U'|'X'|'W'|'Z'|'-' in an arithmetic operand, the result will be 'X'(es).
#    Time: 0 ps  Iteration: 2  Instance: /tb_diffclk/COREAXI4SRAM_C2_0/COREAXI4SRAM_C2_0/U_COREAXI4SRAM_C2_COREAXI4SRAM_C2_0_CoreAXI4SRAM_MAINCTRL
# ** Warning: There is an 'U'|'X'|'W'|'Z'|'-' in an arithmetic operand, the result will be 'X'(es).
#    Time: 0 ps  Iteration: 2  Instance: /tb_diffclk/COREAXI4SRAM_C2_0/COREAXI4SRAM_C2_0/U_COREAXI4SRAM_C2_COREAXI4SRAM_C2_0_CoreAXI4SRAM_MAINCTRL
# ** Warning: There is an 'U'|'X'|'W'|'Z'|'-' in an arithmetic operand, the result will be 'X'(es).
#    Time: 0 ps  Iteration: 2  Instance: /tb_diffclk/COREAXI4SRAM_C2_0/COREAXI4SRAM_C2_0/U_COREAXI4SRAM_C2_COREAXI4SRAM_C2_0_CoreAXI4SRAM_MAINCTRL
# ** Warning: There is an 'U'|'X'|'W'|'Z'|'-' in an arithmetic operand, the result will be 'X'(es).
#    Time: 0 ps  Iteration: 4  Instance: /tb_diffclk/COREAXI4SRAM_C2_0/COREAXI4SRAM_C2_0/U_COREAXI4SRAM_C2_COREAXI4SRAM_C2_0_CoreAXI4SRAM_MAINCTRL
# ** Warning: There is an 'U'|'X'|'W'|'Z'|'-' in an arithmetic operand, the result will be 'X'(es).
#    Time: 0 ps  Iteration: 4  Instance: /tb_diffclk/COREAXI4SRAM_C2_0/COREAXI4SRAM_C2_0/U_COREAXI4SRAM_C2_COREAXI4SRAM_C2_0_CoreAXI4SRAM_MAINCTRL
# ** Warning: There is an 'U'|'X'|'W'|'Z'|'-' in an arithmetic operand, the result will be 'X'(es).
#    Time: 0 ps  Iteration: 4  Instance: /tb_diffclk/COREAXI4SRAM_C2_0/COREAXI4SRAM_C2_0/U_COREAXI4SRAM_C2_COREAXI4SRAM_C2_0_CoreAXI4SRAM_MAINCTRL
# ** Warning: There is an 'U'|'X'|'W'|'Z'|'-' in an arithmetic operand, the result will be 'X'(es).
#    Time: 0 ps  Iteration: 4  Instance: /tb_diffclk/COREAXI4SRAM_C2_0/COREAXI4SRAM_C2_0/U_COREAXI4SRAM_C2_COREAXI4SRAM_C2_0_CoreAXI4SRAM_MAINCTRL
# ** Warning: There is an 'U'|'X'|'W'|'Z'|'-' in an arithmetic operand, the result will be 'X'(es).
#    Time: 0 ps  Iteration: 4  Instance: /tb_diffclk/COREAXI4SRAM_C2_0/COREAXI4SRAM_C2_0/U_COREAXI4SRAM_C2_COREAXI4SRAM_C2_0_CoreAXI4SRAM_MAINCTRL
# ** Warning: There is an 'U'|'X'|'W'|'Z'|'-' in an arithmetic operand, the result will be 'X'(es).
#    Time: 0 ps  Iteration: 4  Instance: /tb_diffclk/COREAXI4SRAM_C2_0/COREAXI4SRAM_C2_0/U_COREAXI4SRAM_C2_COREAXI4SRAM_C2_0_CoreAXI4SRAM_MAINCTRL
# ** Warning: There is an 'U'|'X'|'W'|'Z'|'-' in an arithmetic operand, the result will be 'X'(es).
#    Time: 0 ps  Iteration: 4  Instance: /tb_diffclk/COREAXI4SRAM_C2_0/COREAXI4SRAM_C2_0/U_COREAXI4SRAM_C2_COREAXI4SRAM_C2_0_CoreAXI4SRAM_MAINCTRL
# ** Warning: There is an 'U'|'X'|'W'|'Z'|'-' in an arithmetic operand, the result will be 'X'(es).
#    Time: 0 ps  Iteration: 4  Instance: /tb_diffclk/COREAXI4SRAM_C2_0/COREAXI4SRAM_C2_0/U_COREAXI4SRAM_C2_COREAXI4SRAM_C2_0_CoreAXI4SRAM_MAINCTRL
# ** Warning: There is an 'U'|'X'|'W'|'Z'|'-' in an arithmetic operand, the result will be 'X'(es).
#    Time: 0 ps  Iteration: 4  Instance: /tb_diffclk/COREAXI4SRAM_C2_0/COREAXI4SRAM_C2_0/U_COREAXI4SRAM_C2_COREAXI4SRAM_C2_0_CoreAXI4SRAM_MAINCTRL
# ** Warning: There is an 'U'|'X'|'W'|'Z'|'-' in an arithmetic operand, the result will be 'X'(es).
#    Time: 0 ps  Iteration: 4  Instance: /tb_diffclk/COREAXI4SRAM_C2_0/COREAXI4SRAM_C2_0/U_COREAXI4SRAM_C2_COREAXI4SRAM_C2_0_CoreAXI4SRAM_MAINCTRL
run
run
# End time: 09:04:47 on Feb 15,2024, Elapsed time: 15:14:21
# Errors: 0, Warnings: 66
