# Reading pref.tcl
# do run.do
# INFO: Simulation library presynth already exists
# Model Technology ModelSim Microsemi Pro vmap 2023.1 Lib Mapping Utility 2023.01 Jan 24 2023
# vmap presynth presynth 
# Modifying modelsim.ini
# Model Technology ModelSim Microsemi Pro vmap 2023.1 Lib Mapping Utility 2023.01 Jan 24 2023
# vmap PolarFire C:/Microchip/Libero_SoC_v2023.2/Designer/lib/modelsimpro/precompiled/vlog/polarfire 
# Modifying modelsim.ini
# Model Technology ModelSim Microsemi Pro vcom 2023.1 Compiler 2023.01 Jan 24 2023
# Start time: 13:13:14 on Dec 18,2023
# vcom -reportprogress 300 -2008 -explicit -work presynth C:/Users/YanGao/Desktop/Yan/Test_ram_write/hdl/turn_on_writer_block.vhd 
# -- Loading package STANDARD
# -- Loading package TEXTIO
# -- Loading package std_logic_1164
# -- Loading package NUMERIC_STD
# -- Compiling entity turn_on_writer_block
# -- Compiling architecture rtl of turn_on_writer_block
# End time: 13:13:14 on Dec 18,2023, Elapsed time: 0:00:00
# Errors: 0, Warnings: 0
# Model Technology ModelSim Microsemi Pro vcom 2023.1 Compiler 2023.01 Jan 24 2023
# Start time: 13:13:15 on Dec 18,2023
# vcom -reportprogress 300 -2008 -explicit -work presynth C:/Users/YanGao/Desktop/Yan/Test_ram_write/component/Actel/Simulation/CLK_GEN/1.0.1/CLK_GEN.vhd 
# -- Loading package STANDARD
# -- Loading package TEXTIO
# -- Loading package std_logic_1164
# -- Loading package std_logic_arith
# -- Compiling entity CLK_GEN
# -- Compiling architecture behave of CLK_GEN
# End time: 13:13:15 on Dec 18,2023, Elapsed time: 0:00:00
# Errors: 0, Warnings: 0
# Model Technology ModelSim Microsemi Pro vcom 2023.1 Compiler 2023.01 Jan 24 2023
# Start time: 13:13:15 on Dec 18,2023
# vcom -reportprogress 300 -2008 -explicit -work presynth C:/Users/YanGao/Desktop/Yan/Test_ram_write/component/work/CLK_GEN_C0/CLK_GEN_C0.vhd 
# -- Loading package STANDARD
# -- Loading package TEXTIO
# -- Loading package std_logic_1164
# -- Compiling entity CLK_GEN_C0
# -- Compiling architecture RTL of CLK_GEN_C0
# End time: 13:13:15 on Dec 18,2023, Elapsed time: 0:00:00
# Errors: 0, Warnings: 0
# Model Technology ModelSim Microsemi Pro vcom 2023.1 Compiler 2023.01 Jan 24 2023
# Start time: 13:13:15 on Dec 18,2023
# vcom -reportprogress 300 -2008 -explicit -work presynth C:/Users/YanGao/Desktop/Yan/Test_ram_write/component/Actel/Simulation/PULSE_GEN/1.0.1/PULSE_GEN.vhd 
# -- Loading package STANDARD
# -- Loading package TEXTIO
# -- Loading package std_logic_1164
# -- Loading package std_logic_arith
# -- Compiling entity PULSE_GEN
# -- Compiling architecture behavior of PULSE_GEN
# End time: 13:13:15 on Dec 18,2023, Elapsed time: 0:00:00
# Errors: 0, Warnings: 0
# Model Technology ModelSim Microsemi Pro vcom 2023.1 Compiler 2023.01 Jan 24 2023
# Start time: 13:13:15 on Dec 18,2023
# vcom -reportprogress 300 -2008 -explicit -work presynth C:/Users/YanGao/Desktop/Yan/Test_ram_write/component/work/PULSE_GEN_C0/PULSE_GEN_C0.vhd 
# -- Loading package STANDARD
# -- Loading package TEXTIO
# -- Loading package std_logic_1164
# -- Compiling entity PULSE_GEN_C0
# -- Compiling architecture RTL of PULSE_GEN_C0
# End time: 13:13:15 on Dec 18,2023, Elapsed time: 0:00:00
# Errors: 0, Warnings: 0
# Model Technology ModelSim Microsemi Pro vcom 2023.1 Compiler 2023.01 Jan 24 2023
# Start time: 13:13:15 on Dec 18,2023
# vcom -reportprogress 300 -2008 -explicit -work presynth C:/Users/YanGao/Desktop/Yan/Test_ram_write/component/work/PULSE_GEN_C1/PULSE_GEN_C1.vhd 
# -- Loading package STANDARD
# -- Loading package TEXTIO
# -- Loading package std_logic_1164
# -- Compiling entity PULSE_GEN_C1
# -- Compiling architecture RTL of PULSE_GEN_C1
# End time: 13:13:15 on Dec 18,2023, Elapsed time: 0:00:00
# Errors: 0, Warnings: 0
# Model Technology ModelSim Microsemi Pro vcom 2023.1 Compiler 2023.01 Jan 24 2023
# Start time: 13:13:15 on Dec 18,2023
# vcom -reportprogress 300 -2008 -explicit -work presynth C:/Users/YanGao/Desktop/Yan/Test_ram_write/component/work/tb_tow_block/tb_tow_block.vhd 
# -- Loading package STANDARD
# -- Loading package TEXTIO
# -- Loading package std_logic_1164
# -- Compiling entity tb_tow_block
# -- Compiling architecture RTL of tb_tow_block
# End time: 13:13:15 on Dec 18,2023, Elapsed time: 0:00:00
# Errors: 0, Warnings: 0
# vsim -L PolarFire -L presynth -t 1ps -pli "C:/Microchip/Libero_SoC_v2023.2/Designer/lib/modelsimpro/pli/pf_crypto_win_me_pli.dll" presynth.tb_tow_block 
# Start time: 13:13:15 on Dec 18,2023
# //  ModelSim Microsemi Pro 2023.1 Jan 24 2023
# //
# //  Copyright 1991-2023 Mentor Graphics Corporation
# //  All Rights Reserved.
# //
# //  ModelSim Microsemi Pro and its associated documentation contain trade
# //  secrets and commercial or financial information that are the property of
# //  Mentor Graphics Corporation and are privileged, confidential,
# //  and exempt from disclosure under the Freedom of Information Act,
# //  5 U.S.C. Section 552. Furthermore, this information
# //  is prohibited from disclosure under the Trade Secrets Act,
# //  18 U.S.C. Section 1905.
# //
# Loading std.standard
# Loading std.textio(body)
# Loading ieee.std_logic_1164(body)
# Loading presynth.tb_tow_block(rtl)
# Loading presynth.clk_gen_c0(rtl)
# Loading ieee.std_logic_arith(body)
# Loading presynth.clk_gen(behave)
# Loading presynth.pulse_gen_c0(rtl)
# Loading presynth.pulse_gen(behavior)
# Loading presynth.pulse_gen_c1(rtl)
# Loading ieee.numeric_std(body)
# Loading presynth.turn_on_writer_block(rtl)
# Loading C:/Microchip/Libero_SoC_v2023.2/Designer/lib/modelsimpro/pli/pf_crypto_win_me_pli.dll
add wave -position end  sim:/tb_tow_block/turn_on_writer_block_0/clk
add wave -position end  sim:/tb_tow_block/turn_on_writer_block_0/reset_n
add wave -position end  sim:/tb_tow_block/turn_on_writer_block_0/t_o_w_SC
add wave -position end  sim:/tb_tow_block/turn_on_writer_block_0/frame_start
add wave -position end  sim:/tb_tow_block/turn_on_writer_block_0/turn_on_writer
add wave -position end  sim:/tb_tow_block/turn_on_writer_block_0/state
restart
# Loading C:/Microchip/Libero_SoC_v2023.2/Designer/lib/modelsimpro/pli/pf_crypto_win_me_pli.dll
run
# End time: 13:14:29 on Dec 18,2023, Elapsed time: 0:01:14
# Errors: 0, Warnings: 0
